;  LST file generated by mikroListExporter - v.2.0 
; Date/Time: 02/08/2022 15:59:31
;----------------------------------------------

;Address Opcode 	ASM
0x0000	0xF003EF3B  	GOTO        1654
_interrupt:
;MyProject.c,51 :: 		void interrupt()
;MyProject.c,56 :: 		}//end interrupt
L_end_interrupt:
L__interrupt4:
0x0008	0x0011      	RETFIE      1
; end of _interrupt
_Delay_1us:
;__Lib_Delays.c,7 :: 		void Delay_1us() {
;__Lib_Delays.c,8 :: 		Delay_us(1);
0x000A	0x0000      	NOP
0x000C	0x0000      	NOP
0x000E	0x0000      	NOP
0x0010	0x0000      	NOP
0x0012	0x0000      	NOP
;__Lib_Delays.c,9 :: 		}
L_end_Delay_1us:
0x0014	0x0012      	RETURN      0
; end of _Delay_1us
_Delay_5500us:
;__Lib_Delays.c,31 :: 		void Delay_5500us() {
;__Lib_Delays.c,32 :: 		Delay_us(5500);
0x0016	0x0E24      	MOVLW       36
0x0018	0x6E0C      	MOVWF       R12, 0
0x001A	0x0EB5      	MOVLW       181
0x001C	0x6E0D      	MOVWF       R13, 0
L_Delay_5500us5:
0x001E	0x2E0D      	DECFSZ      R13, 1, 0
0x0020	0xD7FE      	BRA         L_Delay_5500us5
0x0022	0x2E0C      	DECFSZ      R12, 1, 0
0x0024	0xD7FC      	BRA         L_Delay_5500us5
0x0026	0x0000      	NOP
0x0028	0x0000      	NOP
;__Lib_Delays.c,33 :: 		}
L_end_Delay_5500us:
0x002A	0x0012      	RETURN      0
; end of _Delay_5500us
_Delay_50us:
;__Lib_Delays.c,19 :: 		void Delay_50us() {
;__Lib_Delays.c,20 :: 		Delay_us(50);
0x002C	0x0E53      	MOVLW       83
0x002E	0x6E0D      	MOVWF       R13, 0
L_Delay_50us2:
0x0030	0x2E0D      	DECFSZ      R13, 1, 0
0x0032	0xD7FE      	BRA         L_Delay_50us2
;__Lib_Delays.c,21 :: 		}
L_end_Delay_50us:
0x0034	0x0012      	RETURN      0
; end of _Delay_50us
_Lcd_Cmd:
;__Lib_Lcd.c,18 :: 		
;__Lib_Lcd.c,20 :: 		
0x0036	0xBE5E      	BTFSC       FARG_Lcd_Cmd_out_char, 7 
0x0038	0xD002      	BRA         L__Lcd_Cmd21
0x003A	0x9E83      	BCF         LCD_D7, BitPos(LCD_D7+0) 
0x003C	0xD001      	BRA         L__Lcd_Cmd22
L__Lcd_Cmd21:
0x003E	0x8E83      	BSF         LCD_D7, BitPos(LCD_D7+0) 
L__Lcd_Cmd22:
;__Lib_Lcd.c,21 :: 		
0x0040	0xBC5E      	BTFSC       FARG_Lcd_Cmd_out_char, 6 
0x0042	0xD002      	BRA         L__Lcd_Cmd23
0x0044	0x9C83      	BCF         LCD_D6, BitPos(LCD_D6+0) 
0x0046	0xD001      	BRA         L__Lcd_Cmd24
L__Lcd_Cmd23:
0x0048	0x8C83      	BSF         LCD_D6, BitPos(LCD_D6+0) 
L__Lcd_Cmd24:
;__Lib_Lcd.c,22 :: 		
0x004A	0xBA5E      	BTFSC       FARG_Lcd_Cmd_out_char, 5 
0x004C	0xD002      	BRA         L__Lcd_Cmd25
0x004E	0x9A83      	BCF         LCD_D5, BitPos(LCD_D5+0) 
0x0050	0xD001      	BRA         L__Lcd_Cmd26
L__Lcd_Cmd25:
0x0052	0x8A83      	BSF         LCD_D5, BitPos(LCD_D5+0) 
L__Lcd_Cmd26:
;__Lib_Lcd.c,23 :: 		
0x0054	0xB85E      	BTFSC       FARG_Lcd_Cmd_out_char, 4 
0x0056	0xD002      	BRA         L__Lcd_Cmd27
0x0058	0x9883      	BCF         LCD_D4, BitPos(LCD_D4+0) 
0x005A	0xD001      	BRA         L__Lcd_Cmd28
L__Lcd_Cmd27:
0x005C	0x8883      	BSF         LCD_D4, BitPos(LCD_D4+0) 
L__Lcd_Cmd28:
;__Lib_Lcd.c,25 :: 		
0x005E	0xB040      	BTFSC       __Lib_Lcd_cmd_status, BitPos(__Lib_Lcd_cmd_status+0) 
0x0060	0xD002      	BRA         L__Lcd_Cmd29
0x0062	0x8C82      	BSF         LCD_RS, BitPos(LCD_RS+0) 
0x0064	0xD001      	BRA         L__Lcd_Cmd30
L__Lcd_Cmd29:
0x0066	0x9C82      	BCF         LCD_RS, BitPos(LCD_RS+0) 
L__Lcd_Cmd30:
;__Lib_Lcd.c,28 :: 		
0x0068	0x8E82      	BSF         LCD_EN, BitPos(LCD_EN+0) 
;__Lib_Lcd.c,29 :: 		
0x006A	0xDFCF      	RCALL       _Delay_1us
;__Lib_Lcd.c,30 :: 		
0x006C	0x9E82      	BCF         LCD_EN, BitPos(LCD_EN+0) 
;__Lib_Lcd.c,33 :: 		
0x006E	0xB65E      	BTFSC       FARG_Lcd_Cmd_out_char, 3 
0x0070	0xD002      	BRA         L__Lcd_Cmd31
0x0072	0x9E83      	BCF         LCD_D7, BitPos(LCD_D7+0) 
0x0074	0xD001      	BRA         L__Lcd_Cmd32
L__Lcd_Cmd31:
0x0076	0x8E83      	BSF         LCD_D7, BitPos(LCD_D7+0) 
L__Lcd_Cmd32:
;__Lib_Lcd.c,34 :: 		
0x0078	0xB45E      	BTFSC       FARG_Lcd_Cmd_out_char, 2 
0x007A	0xD002      	BRA         L__Lcd_Cmd33
0x007C	0x9C83      	BCF         LCD_D6, BitPos(LCD_D6+0) 
0x007E	0xD001      	BRA         L__Lcd_Cmd34
L__Lcd_Cmd33:
0x0080	0x8C83      	BSF         LCD_D6, BitPos(LCD_D6+0) 
L__Lcd_Cmd34:
;__Lib_Lcd.c,35 :: 		
0x0082	0xB25E      	BTFSC       FARG_Lcd_Cmd_out_char, 1 
0x0084	0xD002      	BRA         L__Lcd_Cmd35
0x0086	0x9A83      	BCF         LCD_D5, BitPos(LCD_D5+0) 
0x0088	0xD001      	BRA         L__Lcd_Cmd36
L__Lcd_Cmd35:
0x008A	0x8A83      	BSF         LCD_D5, BitPos(LCD_D5+0) 
L__Lcd_Cmd36:
;__Lib_Lcd.c,36 :: 		
0x008C	0xB05E      	BTFSC       FARG_Lcd_Cmd_out_char, 0 
0x008E	0xD002      	BRA         L__Lcd_Cmd37
0x0090	0x9883      	BCF         LCD_D4, BitPos(LCD_D4+0) 
0x0092	0xD001      	BRA         L__Lcd_Cmd38
L__Lcd_Cmd37:
0x0094	0x8883      	BSF         LCD_D4, BitPos(LCD_D4+0) 
L__Lcd_Cmd38:
;__Lib_Lcd.c,38 :: 		
0x0096	0xB040      	BTFSC       __Lib_Lcd_cmd_status, BitPos(__Lib_Lcd_cmd_status+0) 
0x0098	0xD002      	BRA         L__Lcd_Cmd39
0x009A	0x8C82      	BSF         LCD_RS, BitPos(LCD_RS+0) 
0x009C	0xD001      	BRA         L__Lcd_Cmd40
L__Lcd_Cmd39:
0x009E	0x9C82      	BCF         LCD_RS, BitPos(LCD_RS+0) 
L__Lcd_Cmd40:
;__Lib_Lcd.c,40 :: 		
0x00A0	0x8E82      	BSF         LCD_EN, BitPos(LCD_EN+0) 
;__Lib_Lcd.c,41 :: 		
0x00A2	0xDFB3      	RCALL       _Delay_1us
;__Lib_Lcd.c,42 :: 		
0x00A4	0x9E82      	BCF         LCD_EN, BitPos(LCD_EN+0) 
;__Lib_Lcd.c,44 :: 		
0x00A6	0xA040      	BTFSS       __Lib_Lcd_cmd_status, BitPos(__Lib_Lcd_cmd_status+0) 
0x00A8	0xD002      	BRA         L_Lcd_Cmd0
;__Lib_Lcd.c,45 :: 		
0x00AA	0xDFB5      	RCALL       _Delay_5500us
0x00AC	0xD001      	BRA         L_Lcd_Cmd1
L_Lcd_Cmd0:
;__Lib_Lcd.c,47 :: 		
0x00AE	0xDFBE      	RCALL       _Delay_50us
L_Lcd_Cmd1:
;__Lib_Lcd.c,48 :: 		
L_end_Lcd_Cmd:
0x00B0	0x0012      	RETURN      0
; end of _Lcd_Cmd
_Div_16X16_U:
;__Lib_Math.c,102 :: 		
;__Lib_Math.c,109 :: 		
0x00B2	0x6A08      	CLRF        R8, 0
;__Lib_Math.c,110 :: 		
0x00B4	0x6A09      	CLRF        R9, 0
;__Lib_Math.c,111 :: 		
0x00B6	0x0E10      	MOVLW       16
;__Lib_Math.c,112 :: 		
0x00B8	0x6E0C      	MOVWF       R12, 0
;__Lib_Math.c,113 :: 		
0x00BA	0x3401      	RLCF        R1, 0, 0
;__Lib_Math.c,114 :: 		
0x00BC	0x3608      	RLCF        R8, 1, 0
;__Lib_Math.c,115 :: 		
0x00BE	0x3609      	RLCF        R9, 1, 0
;__Lib_Math.c,116 :: 		
0x00C0	0x5004      	MOVF        R4, 0, 0
;__Lib_Math.c,117 :: 		
0x00C2	0x5E08      	SUBWF       R8, 1, 0
;__Lib_Math.c,118 :: 		
0x00C4	0x5005      	MOVF        R5, 0, 0
;__Lib_Math.c,119 :: 		
0x00C6	0xA0D8      	BTFSS       STATUS, 0, 0
;__Lib_Math.c,120 :: 		
0x00C8	0x3C05      	INCFSZ      R5, 0, 0
;__Lib_Math.c,121 :: 		
0x00CA	0x5E09      	SUBWF       R9, 1, 0
;__Lib_Math.c,122 :: 		
0x00CC	0xB0D8      	BTFSC       STATUS, 0, 0
;__Lib_Math.c,123 :: 		
0x00CE	0xD007      	BRA         $+16
;__Lib_Math.c,124 :: 		
0x00D0	0x5004      	MOVF        R4, 0, 0
;__Lib_Math.c,125 :: 		
0x00D2	0x2608      	ADDWF       R8, 1, 0
;__Lib_Math.c,126 :: 		
0x00D4	0x5005      	MOVF        R5, 0, 0
;__Lib_Math.c,127 :: 		
0x00D6	0xB0D8      	BTFSC       STATUS, 0, 0
;__Lib_Math.c,128 :: 		
0x00D8	0x3C05      	INCFSZ      R5, 0, 0
;__Lib_Math.c,129 :: 		
0x00DA	0x2609      	ADDWF       R9, 1, 0
;__Lib_Math.c,130 :: 		
0x00DC	0x90D8      	BCF         STATUS, 0, 0
;__Lib_Math.c,131 :: 		
0x00DE	0x3600      	RLCF        R0, 1, 0
;__Lib_Math.c,132 :: 		
0x00E0	0x3601      	RLCF        R1, 1, 0
;__Lib_Math.c,133 :: 		
0x00E2	0x2E0C      	DECFSZ      R12, 1, 0
;__Lib_Math.c,134 :: 		
0x00E4	0xD7EA      	BRA         $-42
;__Lib_Math.c,136 :: 		
L_end_Div_16X16_U:
0x00E6	0x0012      	RETURN      0
; end of _Div_16X16_U
_I2C1_Is_Idle:
;__Lib_I2C_b10.c,30 :: 		
;__Lib_I2C_b10.c,31 :: 		
0x00E8	0xB4C7      	BTFSC       SSPSTAT, 2 
0x00EA	0xD009      	BRA         L_I2C1_Is_Idle0
;__Lib_I2C_b10.c,32 :: 		
0x00EC	0x0E1F      	MOVLW       31
0x00EE	0x14C5      	ANDWF       SSPCON2, 0 
0x00F0	0x6E01      	MOVWF       R1 
0x00F2	0x5001      	MOVF        R1, 0 
0x00F4	0x0A00      	XORLW       0
0x00F6	0xE103      	BNZ         L_I2C1_Is_Idle1
;__Lib_I2C_b10.c,33 :: 		
0x00F8	0x0E01      	MOVLW       1
0x00FA	0x6E00      	MOVWF       R0 
0x00FC	0xD001      	BRA         L_end_I2C1_Is_Idle
L_I2C1_Is_Idle1:
L_I2C1_Is_Idle0:
;__Lib_I2C_b10.c,34 :: 		
0x00FE	0x6A00      	CLRF        R0 
;__Lib_I2C_b10.c,35 :: 		
L_end_I2C1_Is_Idle:
0x0100	0x0012      	RETURN      0
; end of _I2C1_Is_Idle
_WordToStr:
;__Lib_Conversions.c,98 :: 		
;__Lib_Conversions.c,103 :: 		
0x0102	0x6A5B      	CLRF        WordToStr_len_L0 
L_WordToStr11:
0x0104	0x0E05      	MOVLW       5
0x0106	0x5C5B      	SUBWF       WordToStr_len_L0, 0 
0x0108	0xE20A      	BC          L_WordToStr12
;__Lib_Conversions.c,104 :: 		
0x010A	0x505B      	MOVF        WordToStr_len_L0, 0 
0x010C	0x2459      	ADDWF       FARG_WordToStr_output, 0 
0x010E	0x6EE1      	MOVWF       FSR1L 
0x0110	0x0E00      	MOVLW       0
0x0112	0x205A      	ADDWFC      FARG_WordToStr_output+1, 0 
0x0114	0x6EE2      	MOVWF       FSR1L+1 
0x0116	0x0E20      	MOVLW       32
0x0118	0x6EE6      	MOVWF       POSTINC1 
;__Lib_Conversions.c,103 :: 		
0x011A	0x2A5B      	INCF        WordToStr_len_L0, 1 
;__Lib_Conversions.c,104 :: 		
0x011C	0xD7F3      	BRA         L_WordToStr11
L_WordToStr12:
;__Lib_Conversions.c,105 :: 		
0x011E	0x505B      	MOVF        WordToStr_len_L0, 0 
0x0120	0x2459      	ADDWF       FARG_WordToStr_output, 0 
0x0122	0x6EE1      	MOVWF       FSR1L 
0x0124	0x0E00      	MOVLW       0
0x0126	0x205A      	ADDWFC      FARG_WordToStr_output+1, 0 
0x0128	0x6EE2      	MOVWF       FSR1L+1 
0x012A	0x6AE6      	CLRF        POSTINC1 
0x012C	0x065B      	DECF        WordToStr_len_L0, 1 
;__Lib_Conversions.c,107 :: 		
L_WordToStr14:
;__Lib_Conversions.c,108 :: 		
0x012E	0x505B      	MOVF        WordToStr_len_L0, 0 
0x0130	0x2459      	ADDWF       FARG_WordToStr_output, 0 
0x0132	0x6E5C      	MOVWF       FLOC__WordToStr 
0x0134	0x0E00      	MOVLW       0
0x0136	0x205A      	ADDWFC      FARG_WordToStr_output+1, 0 
0x0138	0x6E5D      	MOVWF       FLOC__WordToStr+1 
0x013A	0x0E0A      	MOVLW       10
0x013C	0x6E04      	MOVWF       R4 
0x013E	0x0E00      	MOVLW       0
0x0140	0x6E05      	MOVWF       R5 
0x0142	0xF000C057  	MOVFF       FARG_WordToStr_input, R0
0x0146	0xF001C058  	MOVFF       FARG_WordToStr_input+1, R1
0x014A	0xDFB3      	RCALL       _Div_16X16_U
0x014C	0xF000C008  	MOVFF       R8, R0
0x0150	0xF001C009  	MOVFF       R9, R1
0x0154	0x0E30      	MOVLW       48
0x0156	0x2600      	ADDWF       R0, 1 
0x0158	0xFFE1C05C  	MOVFF       FLOC__WordToStr, FSR1L
0x015C	0xFFE2C05D  	MOVFF       FLOC__WordToStr+1, FSR1H
0x0160	0xFFE6C000  	MOVFF       R0, POSTINC1
;__Lib_Conversions.c,109 :: 		
0x0164	0x0E0A      	MOVLW       10
0x0166	0x6E04      	MOVWF       R4 
0x0168	0x0E00      	MOVLW       0
0x016A	0x6E05      	MOVWF       R5 
0x016C	0xF000C057  	MOVFF       FARG_WordToStr_input, R0
0x0170	0xF001C058  	MOVFF       FARG_WordToStr_input+1, R1
0x0174	0xDF9E      	RCALL       _Div_16X16_U
0x0176	0xF057C000  	MOVFF       R0, FARG_WordToStr_input
0x017A	0xF058C001  	MOVFF       R1, FARG_WordToStr_input+1
;__Lib_Conversions.c,110 :: 		
0x017E	0x0E00      	MOVLW       0
0x0180	0x1801      	XORWF       R1, 0 
0x0182	0xE102      	BNZ         L__WordToStr379
0x0184	0x0E00      	MOVLW       0
0x0186	0x1800      	XORWF       R0, 0 
L__WordToStr379:
0x0188	0xE101      	BNZ         L_WordToStr16
;__Lib_Conversions.c,111 :: 		
0x018A	0xD002      	BRA         L_WordToStr15
L_WordToStr16:
;__Lib_Conversions.c,112 :: 		
0x018C	0x065B      	DECF        WordToStr_len_L0, 1 
;__Lib_Conversions.c,113 :: 		
0x018E	0xD7CF      	BRA         L_WordToStr14
L_WordToStr15:
;__Lib_Conversions.c,114 :: 		
L_end_WordToStr:
0x0190	0x0012      	RETURN      0
; end of _WordToStr
_____DoIFC:
;__Lib_System.c,93 :: 		
;__Lib_System.c,94 :: 		
0x0192	0x50F2      	MOVF        INTCON, 0, 0
;__Lib_System.c,95 :: 		
0x0194	0x6E02      	MOVWF       R2, 0
;__Lib_System.c,96 :: 		
0x0196	0x9EF2      	BCF         INTCON, 7 
;__Lib_System.c,97 :: 		
0x0198	0x0005      	PUSH
;__Lib_System.c,98 :: 		
0x019A	0x6AFF      	CLRF        TOSU, 0
;__Lib_System.c,99 :: 		
0x019C	0x5001      	MOVF        R1, 0, 0
;__Lib_System.c,100 :: 		
0x019E	0x6EFE      	MOVWF       TOSH, 0
;__Lib_System.c,101 :: 		
0x01A0	0x5000      	MOVF        R0, 0, 0
;__Lib_System.c,102 :: 		
0x01A2	0x6EFD      	MOVWF       TOSL, 0
;__Lib_System.c,103 :: 		
0x01A4	0xBE02      	BTFSC       R2, 7, 0
;__Lib_System.c,104 :: 		
0x01A6	0x8EF2      	BSF         INTCON, 7, 0
;__Lib_System.c,105 :: 		
;__Lib_System.c,107 :: 		
L_end_____DoIFC:
0x01A8	0x0012      	RETURN      0
; end of _____DoIFC
_Lcd_Chr_CP:
;__Lib_Lcd.c,50 :: 		
;__Lib_Lcd.c,52 :: 		
0x01AA	0x9040      	BCF         __Lib_Lcd_cmd_status, BitPos(__Lib_Lcd_cmd_status+0) 
;__Lib_Lcd.c,53 :: 		
0x01AC	0xF05EC057  	MOVFF       FARG_Lcd_Chr_CP_out_char, FARG_Lcd_Cmd_out_char
0x01B0	0xDF42      	RCALL       _Lcd_Cmd
;__Lib_Lcd.c,54 :: 		
0x01B2	0x8040      	BSF         __Lib_Lcd_cmd_status, BitPos(__Lib_Lcd_cmd_status+0) 
;__Lib_Lcd.c,55 :: 		
L_end_Lcd_Chr_CP:
0x01B4	0x0012      	RETURN      0
; end of _Lcd_Chr_CP
_I2C1_Stop:
;__Lib_I2C_b10.c,185 :: 		
;__Lib_I2C_b10.c,186 :: 		
0x01B6	0x84C5      	BSF         SSPCON2, 2 
;__Lib_I2C_b10.c,187 :: 		
L_end_I2C1_Stop:
0x01B8	0x0012      	RETURN      0
; end of _I2C1_Stop
___CC2DW:
;__Lib_System.c,21 :: 		
;__Lib_System.c,23 :: 		
_CC2DL_Loop1:
;__Lib_System.c,24 :: 		
0x01BA	0x0009      	TBLRD*+
;__Lib_System.c,25 :: 		
0x01BC	0xFFE6CFF5  	MOVFF       TABLAT, POSTINC1
;__Lib_System.c,26 :: 		
0x01C0	0x0600      	DECF        R0, 1, 0
;__Lib_System.c,27 :: 		
0x01C2	0xE1FB      	BNZ         _CC2DL_Loop1
;__Lib_System.c,28 :: 		
0x01C4	0x0601      	DECF        R1, 1, 0
;__Lib_System.c,29 :: 		
0x01C6	0xE1F9      	BNZ         _CC2DL_Loop1
;__Lib_System.c,31 :: 		
L_end___CC2DW:
0x01C8	0x0012      	RETURN      0
; end of ___CC2DW
_Lcd_Out:
;__Lib_Lcd.c,184 :: 		
;__Lib_Lcd.c,187 :: 		
0x01CA	0xD00F      	BRA         L_Lcd_Out11
;__Lib_Lcd.c,188 :: 		
L_Lcd_Out13:
0x01CC	0x0E80      	MOVLW       128
0x01CE	0x6E4D      	MOVWF       FARG_Lcd_Out_row 
0x01D0	0xD019      	BRA         L_Lcd_Out12
;__Lib_Lcd.c,189 :: 		
L_Lcd_Out14:
0x01D2	0x0EC0      	MOVLW       192
0x01D4	0x6E4D      	MOVWF       FARG_Lcd_Out_row 
0x01D6	0xD016      	BRA         L_Lcd_Out12
;__Lib_Lcd.c,190 :: 		
L_Lcd_Out15:
0x01D8	0x0E94      	MOVLW       148
0x01DA	0x6E4D      	MOVWF       FARG_Lcd_Out_row 
0x01DC	0xD013      	BRA         L_Lcd_Out12
;__Lib_Lcd.c,191 :: 		
L_Lcd_Out16:
0x01DE	0x0ED4      	MOVLW       212
0x01E0	0x6E4D      	MOVWF       FARG_Lcd_Out_row 
0x01E2	0xD010      	BRA         L_Lcd_Out12
;__Lib_Lcd.c,192 :: 		
L_Lcd_Out17:
0x01E4	0x0E80      	MOVLW       128
0x01E6	0x6E4D      	MOVWF       FARG_Lcd_Out_row 
;__Lib_Lcd.c,193 :: 		
0x01E8	0xD00D      	BRA         L_Lcd_Out12
L_Lcd_Out11:
0x01EA	0x504D      	MOVF        FARG_Lcd_Out_row, 0 
0x01EC	0x0A01      	XORLW       1
0x01EE	0xE0EE      	BZ          L_Lcd_Out13
0x01F0	0x504D      	MOVF        FARG_Lcd_Out_row, 0 
0x01F2	0x0A02      	XORLW       2
0x01F4	0xE0EE      	BZ          L_Lcd_Out14
0x01F6	0x504D      	MOVF        FARG_Lcd_Out_row, 0 
0x01F8	0x0A03      	XORLW       3
0x01FA	0xE0EE      	BZ          L_Lcd_Out15
0x01FC	0x504D      	MOVF        FARG_Lcd_Out_row, 0 
0x01FE	0x0A04      	XORLW       4
0x0200	0xE0EE      	BZ          L_Lcd_Out16
0x0202	0xD7F0      	BRA         L_Lcd_Out17
L_Lcd_Out12:
;__Lib_Lcd.c,194 :: 		
0x0204	0x044E      	DECF        FARG_Lcd_Out_column, 0 
0x0206	0x6E00      	MOVWF       R0 
0x0208	0x504D      	MOVF        FARG_Lcd_Out_row, 0 
0x020A	0x2600      	ADDWF       R0, 1 
0x020C	0xF04DC000  	MOVFF       R0, FARG_Lcd_Out_row
;__Lib_Lcd.c,196 :: 		
0x0210	0xF05EC000  	MOVFF       R0, FARG_Lcd_Cmd_out_char
0x0214	0xDF10      	RCALL       _Lcd_Cmd
;__Lib_Lcd.c,197 :: 		
0x0216	0x9040      	BCF         __Lib_Lcd_cmd_status, BitPos(__Lib_Lcd_cmd_status+0) 
;__Lib_Lcd.c,198 :: 		
0x0218	0x6A51      	CLRF        Lcd_Out_i_L0 
;__Lib_Lcd.c,199 :: 		
L_Lcd_Out18:
0x021A	0x5051      	MOVF        Lcd_Out_i_L0, 0 
0x021C	0x244F      	ADDWF       FARG_Lcd_Out_text, 0 
0x021E	0x6EE9      	MOVWF       FSR0L 
0x0220	0x0E00      	MOVLW       0
0x0222	0x2050      	ADDWFC      FARG_Lcd_Out_text+1, 0 
0x0224	0x6EEA      	MOVWF       FSR0L+1 
0x0226	0x52EE      	MOVF        POSTINC0, 1 
0x0228	0xE00B      	BZ          L_Lcd_Out19
;__Lib_Lcd.c,200 :: 		
0x022A	0x5051      	MOVF        Lcd_Out_i_L0, 0 
0x022C	0x244F      	ADDWF       FARG_Lcd_Out_text, 0 
0x022E	0x6EE9      	MOVWF       FSR0L 
0x0230	0x0E00      	MOVLW       0
0x0232	0x2050      	ADDWFC      FARG_Lcd_Out_text+1, 0 
0x0234	0x6EEA      	MOVWF       FSR0L+1 
0x0236	0xF057CFEE  	MOVFF       POSTINC0, FARG_Lcd_Chr_CP_out_char
0x023A	0xDFB7      	RCALL       _Lcd_Chr_CP
0x023C	0x2A51      	INCF        Lcd_Out_i_L0, 1 
0x023E	0xD7ED      	BRA         L_Lcd_Out18
L_Lcd_Out19:
;__Lib_Lcd.c,201 :: 		
0x0240	0x8040      	BSF         __Lib_Lcd_cmd_status, BitPos(__Lib_Lcd_cmd_status+0) 
;__Lib_Lcd.c,202 :: 		
L_end_Lcd_Out:
0x0242	0x0012      	RETURN      0
; end of _Lcd_Out
_I2C1_Repeated_Start:
;__Lib_I2C_b10.c,68 :: 		
;__Lib_I2C_b10.c,71 :: 		
0x0244	0xF04DC015  	MOVFF       __Lib_I2C_b10__I2C1_TIMEOUT, I2C1_Repeated_Start_timeout_L0
0x0248	0xF04EC016  	MOVFF       __Lib_I2C_b10__I2C1_TIMEOUT+1, I2C1_Repeated_Start_timeout_L0+1
0x024C	0xF04FC017  	MOVFF       __Lib_I2C_b10__I2C1_TIMEOUT+2, I2C1_Repeated_Start_timeout_L0+2
0x0250	0xF050C018  	MOVFF       __Lib_I2C_b10__I2C1_TIMEOUT+3, I2C1_Repeated_Start_timeout_L0+3
;__Lib_I2C_b10.c,73 :: 		
0x0254	0x82C5      	BSF         SSPCON2, 1 
;__Lib_I2C_b10.c,74 :: 		
L_I2C1_Repeated_Start12:
0x0256	0xA2C5      	BTFSS       SSPCON2, 1 
0x0258	0xD01D      	BRA         L_I2C1_Repeated_Start13
;__Lib_I2C_b10.c,76 :: 		
0x025A	0x5015      	MOVF        __Lib_I2C_b10__I2C1_TIMEOUT, 0 
0x025C	0x1016      	IORWF       __Lib_I2C_b10__I2C1_TIMEOUT+1, 0 
0x025E	0x1017      	IORWF       __Lib_I2C_b10__I2C1_TIMEOUT+2, 0 
0x0260	0x1018      	IORWF       __Lib_I2C_b10__I2C1_TIMEOUT+3, 0 
0x0262	0xE017      	BZ          L_I2C1_Repeated_Start14
;__Lib_I2C_b10.c,78 :: 		
0x0264	0x504D      	MOVF        I2C1_Repeated_Start_timeout_L0, 0 
0x0266	0x104E      	IORWF       I2C1_Repeated_Start_timeout_L0+1, 0 
0x0268	0x104F      	IORWF       I2C1_Repeated_Start_timeout_L0+2, 0 
0x026A	0x1050      	IORWF       I2C1_Repeated_Start_timeout_L0+3, 0 
0x026C	0xE10C      	BNZ         L_I2C1_Repeated_Start15
;__Lib_I2C_b10.c,80 :: 		
0x026E	0xFFE1C02B  	MOVFF       _I2C1_Timeout_Ptr+2, FSR1
0x0272	0xFFE2C02C  	MOVFF       _I2C1_Timeout_Ptr+3, FSR1+1
0x0276	0x0E06      	MOVLW       6
0x0278	0x6EE6      	MOVWF       POSTINC1 
0x027A	0xF000C029  	MOVFF       _I2C1_Timeout_Ptr, R0
0x027E	0xF001C02A  	MOVFF       _I2C1_Timeout_Ptr+1, R1
0x0282	0xDF87      	RCALL       _____DoIFC
;__Lib_I2C_b10.c,81 :: 		
0x0284	0xD007      	BRA         L_I2C1_Repeated_Start13
;__Lib_I2C_b10.c,82 :: 		
L_I2C1_Repeated_Start15:
;__Lib_I2C_b10.c,83 :: 		
0x0286	0x0E01      	MOVLW       1
0x0288	0x5E4D      	SUBWF       I2C1_Repeated_Start_timeout_L0, 1 
0x028A	0x0E00      	MOVLW       0
0x028C	0x5A4E      	SUBWFB      I2C1_Repeated_Start_timeout_L0+1, 1 
0x028E	0x5A4F      	SUBWFB      I2C1_Repeated_Start_timeout_L0+2, 1 
0x0290	0x5A50      	SUBWFB      I2C1_Repeated_Start_timeout_L0+3, 1 
;__Lib_I2C_b10.c,84 :: 		
L_I2C1_Repeated_Start14:
;__Lib_I2C_b10.c,85 :: 		
0x0292	0xD7E1      	BRA         L_I2C1_Repeated_Start12
L_I2C1_Repeated_Start13:
;__Lib_I2C_b10.c,86 :: 		
L_end_I2C1_Repeated_Start:
0x0294	0x0012      	RETURN      0
; end of _I2C1_Repeated_Start
_I2C1_Rd:
;__Lib_I2C_b10.c,88 :: 		
;__Lib_I2C_b10.c,92 :: 		
0x0296	0xF04FC015  	MOVFF       __Lib_I2C_b10__I2C1_TIMEOUT, I2C1_Rd_timeout_L0
0x029A	0xF050C016  	MOVFF       __Lib_I2C_b10__I2C1_TIMEOUT+1, I2C1_Rd_timeout_L0+1
0x029E	0xF051C017  	MOVFF       __Lib_I2C_b10__I2C1_TIMEOUT+2, I2C1_Rd_timeout_L0+2
0x02A2	0xF052C018  	MOVFF       __Lib_I2C_b10__I2C1_TIMEOUT+3, I2C1_Rd_timeout_L0+3
;__Lib_I2C_b10.c,95 :: 		
0x02A6	0x969E      	BCF         PIR1, 3 
;__Lib_I2C_b10.c,96 :: 		
0x02A8	0x86C5      	BSF         SSPCON2, 3 
;__Lib_I2C_b10.c,98 :: 		
L_I2C1_Rd16:
0x02AA	0xB69E      	BTFSC       PIR1, 3 
0x02AC	0xD01D      	BRA         L_I2C1_Rd17
;__Lib_I2C_b10.c,100 :: 		
0x02AE	0x5015      	MOVF        __Lib_I2C_b10__I2C1_TIMEOUT, 0 
0x02B0	0x1016      	IORWF       __Lib_I2C_b10__I2C1_TIMEOUT+1, 0 
0x02B2	0x1017      	IORWF       __Lib_I2C_b10__I2C1_TIMEOUT+2, 0 
0x02B4	0x1018      	IORWF       __Lib_I2C_b10__I2C1_TIMEOUT+3, 0 
0x02B6	0xE017      	BZ          L_I2C1_Rd18
;__Lib_I2C_b10.c,102 :: 		
0x02B8	0x504F      	MOVF        I2C1_Rd_timeout_L0, 0 
0x02BA	0x1050      	IORWF       I2C1_Rd_timeout_L0+1, 0 
0x02BC	0x1051      	IORWF       I2C1_Rd_timeout_L0+2, 0 
0x02BE	0x1052      	IORWF       I2C1_Rd_timeout_L0+3, 0 
0x02C0	0xE10C      	BNZ         L_I2C1_Rd19
;__Lib_I2C_b10.c,104 :: 		
0x02C2	0xFFE1C02B  	MOVFF       _I2C1_Timeout_Ptr+2, FSR1
0x02C6	0xFFE2C02C  	MOVFF       _I2C1_Timeout_Ptr+3, FSR1+1
0x02CA	0x0E03      	MOVLW       3
0x02CC	0x6EE6      	MOVWF       POSTINC1 
0x02CE	0xF000C029  	MOVFF       _I2C1_Timeout_Ptr, R0
0x02D2	0xF001C02A  	MOVFF       _I2C1_Timeout_Ptr+1, R1
0x02D6	0xDF5D      	RCALL       _____DoIFC
;__Lib_I2C_b10.c,105 :: 		
0x02D8	0xD007      	BRA         L_I2C1_Rd17
;__Lib_I2C_b10.c,106 :: 		
L_I2C1_Rd19:
;__Lib_I2C_b10.c,107 :: 		
0x02DA	0x0E01      	MOVLW       1
0x02DC	0x5E4F      	SUBWF       I2C1_Rd_timeout_L0, 1 
0x02DE	0x0E00      	MOVLW       0
0x02E0	0x5A50      	SUBWFB      I2C1_Rd_timeout_L0+1, 1 
0x02E2	0x5A51      	SUBWFB      I2C1_Rd_timeout_L0+2, 1 
0x02E4	0x5A52      	SUBWFB      I2C1_Rd_timeout_L0+3, 1 
;__Lib_I2C_b10.c,108 :: 		
L_I2C1_Rd18:
;__Lib_I2C_b10.c,109 :: 		
0x02E6	0xD7E1      	BRA         L_I2C1_Rd16
L_I2C1_Rd17:
;__Lib_I2C_b10.c,111 :: 		
0x02E8	0xF04ECFC9  	MOVFF       SSPBUF, I2C1_Rd_tmp_L0
;__Lib_I2C_b10.c,112 :: 		
0x02EC	0x504D      	MOVF        FARG_I2C1_Rd_ack, 0 
0x02EE	0x0A00      	XORLW       0
0x02F0	0xE102      	BNZ         L_I2C1_Rd20
;__Lib_I2C_b10.c,113 :: 		
0x02F2	0x8AC5      	BSF         SSPCON2, 5 
0x02F4	0xD001      	BRA         L_I2C1_Rd21
L_I2C1_Rd20:
;__Lib_I2C_b10.c,115 :: 		
0x02F6	0x9AC5      	BCF         SSPCON2, 5 
L_I2C1_Rd21:
;__Lib_I2C_b10.c,117 :: 		
0x02F8	0x969E      	BCF         PIR1, 3 
;__Lib_I2C_b10.c,118 :: 		
0x02FA	0x88C5      	BSF         SSPCON2, 4 
;__Lib_I2C_b10.c,121 :: 		
0x02FC	0xF04FC015  	MOVFF       __Lib_I2C_b10__I2C1_TIMEOUT, I2C1_Rd_timeout_L0
0x0300	0xF050C016  	MOVFF       __Lib_I2C_b10__I2C1_TIMEOUT+1, I2C1_Rd_timeout_L0+1
0x0304	0xF051C017  	MOVFF       __Lib_I2C_b10__I2C1_TIMEOUT+2, I2C1_Rd_timeout_L0+2
0x0308	0xF052C018  	MOVFF       __Lib_I2C_b10__I2C1_TIMEOUT+3, I2C1_Rd_timeout_L0+3
;__Lib_I2C_b10.c,123 :: 		
L_I2C1_Rd22:
0x030C	0xB69E      	BTFSC       PIR1, 3 
0x030E	0xD01D      	BRA         L_I2C1_Rd23
;__Lib_I2C_b10.c,125 :: 		
0x0310	0x5015      	MOVF        __Lib_I2C_b10__I2C1_TIMEOUT, 0 
0x0312	0x1016      	IORWF       __Lib_I2C_b10__I2C1_TIMEOUT+1, 0 
0x0314	0x1017      	IORWF       __Lib_I2C_b10__I2C1_TIMEOUT+2, 0 
0x0316	0x1018      	IORWF       __Lib_I2C_b10__I2C1_TIMEOUT+3, 0 
0x0318	0xE017      	BZ          L_I2C1_Rd24
;__Lib_I2C_b10.c,127 :: 		
0x031A	0x504F      	MOVF        I2C1_Rd_timeout_L0, 0 
0x031C	0x1050      	IORWF       I2C1_Rd_timeout_L0+1, 0 
0x031E	0x1051      	IORWF       I2C1_Rd_timeout_L0+2, 0 
0x0320	0x1052      	IORWF       I2C1_Rd_timeout_L0+3, 0 
0x0322	0xE10C      	BNZ         L_I2C1_Rd25
;__Lib_I2C_b10.c,129 :: 		
0x0324	0xFFE1C02B  	MOVFF       _I2C1_Timeout_Ptr+2, FSR1
0x0328	0xFFE2C02C  	MOVFF       _I2C1_Timeout_Ptr+3, FSR1+1
0x032C	0x0E03      	MOVLW       3
0x032E	0x6EE6      	MOVWF       POSTINC1 
0x0330	0xF000C029  	MOVFF       _I2C1_Timeout_Ptr, R0
0x0334	0xF001C02A  	MOVFF       _I2C1_Timeout_Ptr+1, R1
0x0338	0xDF2C      	RCALL       _____DoIFC
;__Lib_I2C_b10.c,130 :: 		
0x033A	0xD007      	BRA         L_I2C1_Rd23
;__Lib_I2C_b10.c,131 :: 		
L_I2C1_Rd25:
;__Lib_I2C_b10.c,132 :: 		
0x033C	0x0E01      	MOVLW       1
0x033E	0x5E4F      	SUBWF       I2C1_Rd_timeout_L0, 1 
0x0340	0x0E00      	MOVLW       0
0x0342	0x5A50      	SUBWFB      I2C1_Rd_timeout_L0+1, 1 
0x0344	0x5A51      	SUBWFB      I2C1_Rd_timeout_L0+2, 1 
0x0346	0x5A52      	SUBWFB      I2C1_Rd_timeout_L0+3, 1 
;__Lib_I2C_b10.c,133 :: 		
L_I2C1_Rd24:
;__Lib_I2C_b10.c,134 :: 		
0x0348	0xD7E1      	BRA         L_I2C1_Rd22
L_I2C1_Rd23:
;__Lib_I2C_b10.c,136 :: 		
0x034A	0xF000C04E  	MOVFF       I2C1_Rd_tmp_L0, R0
;__Lib_I2C_b10.c,137 :: 		
L_end_I2C1_Rd:
0x034E	0x0012      	RETURN      0
; end of _I2C1_Rd
_Lcd_Init:
;__Lib_Lcd.c,84 :: 		
;__Lib_Lcd.c,86 :: 		
0x0350	0x9E94      	BCF         LCD_EN_Direction, BitPos(LCD_EN_Direction+0) 
;__Lib_Lcd.c,87 :: 		
0x0352	0x9C94      	BCF         LCD_RS_Direction, BitPos(LCD_RS_Direction+0) 
;__Lib_Lcd.c,88 :: 		
0x0354	0x9895      	BCF         LCD_D4_Direction, BitPos(LCD_D4_Direction+0) 
;__Lib_Lcd.c,89 :: 		
0x0356	0x9A95      	BCF         LCD_D5_Direction, BitPos(LCD_D5_Direction+0) 
;__Lib_Lcd.c,90 :: 		
0x0358	0x9C95      	BCF         LCD_D6_Direction, BitPos(LCD_D6_Direction+0) 
;__Lib_Lcd.c,91 :: 		
0x035A	0x9E95      	BCF         LCD_D7_Direction, BitPos(LCD_D7_Direction+0) 
;__Lib_Lcd.c,93 :: 		
0x035C	0x9E82      	BCF         LCD_EN, BitPos(LCD_EN+0) 
;__Lib_Lcd.c,94 :: 		
0x035E	0x9C82      	BCF         LCD_RS, BitPos(LCD_RS+0) 
;__Lib_Lcd.c,95 :: 		
0x0360	0x9E83      	BCF         LCD_D7, BitPos(LCD_D7+0) 
;__Lib_Lcd.c,96 :: 		
0x0362	0x9C83      	BCF         LCD_D6, BitPos(LCD_D6+0) 
;__Lib_Lcd.c,97 :: 		
0x0364	0x9A83      	BCF         LCD_D5, BitPos(LCD_D5+0) 
;__Lib_Lcd.c,98 :: 		
0x0366	0x9883      	BCF         LCD_D4, BitPos(LCD_D4+0) 
;__Lib_Lcd.c,100 :: 		
0x0368	0xDE56      	RCALL       _Delay_5500us
;__Lib_Lcd.c,101 :: 		
0x036A	0xDE55      	RCALL       _Delay_5500us
;__Lib_Lcd.c,102 :: 		
0x036C	0xDE54      	RCALL       _Delay_5500us
;__Lib_Lcd.c,105 :: 		
0x036E	0x8A83      	BSF         LCD_D5, BitPos(LCD_D5+0) 
;__Lib_Lcd.c,106 :: 		
0x0370	0x8883      	BSF         LCD_D4, BitPos(LCD_D4+0) 
;__Lib_Lcd.c,107 :: 		
0x0372	0x8E82      	BSF         LCD_EN, BitPos(LCD_EN+0) 
;__Lib_Lcd.c,108 :: 		
0x0374	0xDE4A      	RCALL       _Delay_1us
;__Lib_Lcd.c,109 :: 		
0x0376	0x9E82      	BCF         LCD_EN, BitPos(LCD_EN+0) 
;__Lib_Lcd.c,110 :: 		
0x0378	0xDE4E      	RCALL       _Delay_5500us
;__Lib_Lcd.c,112 :: 		
0x037A	0x8E82      	BSF         LCD_EN, BitPos(LCD_EN+0) 
;__Lib_Lcd.c,113 :: 		
0x037C	0xDE46      	RCALL       _Delay_1us
;__Lib_Lcd.c,114 :: 		
0x037E	0x9E82      	BCF         LCD_EN, BitPos(LCD_EN+0) 
;__Lib_Lcd.c,115 :: 		
0x0380	0xDE4A      	RCALL       _Delay_5500us
;__Lib_Lcd.c,117 :: 		
0x0382	0x8E82      	BSF         LCD_EN, BitPos(LCD_EN+0) 
;__Lib_Lcd.c,118 :: 		
0x0384	0xDE42      	RCALL       _Delay_1us
;__Lib_Lcd.c,119 :: 		
0x0386	0x9E82      	BCF         LCD_EN, BitPos(LCD_EN+0) 
;__Lib_Lcd.c,120 :: 		
0x0388	0xDE46      	RCALL       _Delay_5500us
;__Lib_Lcd.c,123 :: 		
0x038A	0x9883      	BCF         LCD_D4, BitPos(LCD_D4+0) 
;__Lib_Lcd.c,124 :: 		
0x038C	0x8E82      	BSF         LCD_EN, BitPos(LCD_EN+0) 
;__Lib_Lcd.c,125 :: 		
0x038E	0xDE3D      	RCALL       _Delay_1us
;__Lib_Lcd.c,126 :: 		
0x0390	0x9E82      	BCF         LCD_EN, BitPos(LCD_EN+0) 
;__Lib_Lcd.c,127 :: 		
0x0392	0xDE41      	RCALL       _Delay_5500us
;__Lib_Lcd.c,130 :: 		
0x0394	0x8E82      	BSF         LCD_EN, BitPos(LCD_EN+0) 
;__Lib_Lcd.c,131 :: 		
0x0396	0xDE39      	RCALL       _Delay_1us
;__Lib_Lcd.c,132 :: 		
0x0398	0x9E82      	BCF         LCD_EN, BitPos(LCD_EN+0) 
;__Lib_Lcd.c,134 :: 		
0x039A	0x9A83      	BCF         LCD_D5, BitPos(LCD_D5+0) 
;__Lib_Lcd.c,135 :: 		
0x039C	0x8E83      	BSF         LCD_D7, BitPos(LCD_D7+0) 
;__Lib_Lcd.c,136 :: 		
0x039E	0x8E82      	BSF         LCD_EN, BitPos(LCD_EN+0) 
;__Lib_Lcd.c,137 :: 		
0x03A0	0xDE34      	RCALL       _Delay_1us
;__Lib_Lcd.c,138 :: 		
0x03A2	0x9E82      	BCF         LCD_EN, BitPos(LCD_EN+0) 
;__Lib_Lcd.c,139 :: 		
0x03A4	0xDE38      	RCALL       _Delay_5500us
;__Lib_Lcd.c,142 :: 		
0x03A6	0x9E83      	BCF         LCD_D7, BitPos(LCD_D7+0) 
;__Lib_Lcd.c,143 :: 		
0x03A8	0x8883      	BSF         LCD_D4, BitPos(LCD_D4+0) 
;__Lib_Lcd.c,144 :: 		
0x03AA	0x8E82      	BSF         LCD_EN, BitPos(LCD_EN+0) 
;__Lib_Lcd.c,145 :: 		
0x03AC	0xDE2E      	RCALL       _Delay_1us
;__Lib_Lcd.c,146 :: 		
0x03AE	0x9E82      	BCF         LCD_EN, BitPos(LCD_EN+0) 
;__Lib_Lcd.c,148 :: 		
0x03B0	0x9883      	BCF         LCD_D4, BitPos(LCD_D4+0) 
;__Lib_Lcd.c,149 :: 		
0x03B2	0x8E82      	BSF         LCD_EN, BitPos(LCD_EN+0) 
;__Lib_Lcd.c,150 :: 		
0x03B4	0xDE2A      	RCALL       _Delay_1us
;__Lib_Lcd.c,151 :: 		
0x03B6	0x9E82      	BCF         LCD_EN, BitPos(LCD_EN+0) 
;__Lib_Lcd.c,152 :: 		
0x03B8	0xDE2E      	RCALL       _Delay_5500us
;__Lib_Lcd.c,155 :: 		
0x03BA	0x8E82      	BSF         LCD_EN, BitPos(LCD_EN+0) 
;__Lib_Lcd.c,156 :: 		
0x03BC	0xDE26      	RCALL       _Delay_1us
;__Lib_Lcd.c,157 :: 		
0x03BE	0x9E82      	BCF         LCD_EN, BitPos(LCD_EN+0) 
;__Lib_Lcd.c,159 :: 		
0x03C0	0x8883      	BSF         LCD_D4, BitPos(LCD_D4+0) 
;__Lib_Lcd.c,160 :: 		
0x03C2	0x8E82      	BSF         LCD_EN, BitPos(LCD_EN+0) 
;__Lib_Lcd.c,161 :: 		
0x03C4	0xDE22      	RCALL       _Delay_1us
;__Lib_Lcd.c,162 :: 		
0x03C6	0x9E82      	BCF         LCD_EN, BitPos(LCD_EN+0) 
;__Lib_Lcd.c,163 :: 		
0x03C8	0xDE26      	RCALL       _Delay_5500us
;__Lib_Lcd.c,166 :: 		
0x03CA	0x9883      	BCF         LCD_D4, BitPos(LCD_D4+0) 
;__Lib_Lcd.c,167 :: 		
0x03CC	0x8E82      	BSF         LCD_EN, BitPos(LCD_EN+0) 
;__Lib_Lcd.c,168 :: 		
0x03CE	0xDE1D      	RCALL       _Delay_1us
;__Lib_Lcd.c,169 :: 		
0x03D0	0x9E82      	BCF         LCD_EN, BitPos(LCD_EN+0) 
;__Lib_Lcd.c,171 :: 		
0x03D2	0x8E83      	BSF         LCD_D7, BitPos(LCD_D7+0) 
;__Lib_Lcd.c,172 :: 		
0x03D4	0x8C83      	BSF         LCD_D6, BitPos(LCD_D6+0) 
;__Lib_Lcd.c,173 :: 		
0x03D6	0x8A83      	BSF         LCD_D5, BitPos(LCD_D5+0) 
;__Lib_Lcd.c,174 :: 		
0x03D8	0x8883      	BSF         LCD_D4, BitPos(LCD_D4+0) 
;__Lib_Lcd.c,175 :: 		
0x03DA	0x8E82      	BSF         LCD_EN, BitPos(LCD_EN+0) 
;__Lib_Lcd.c,176 :: 		
0x03DC	0xDE16      	RCALL       _Delay_1us
;__Lib_Lcd.c,177 :: 		
0x03DE	0x9E82      	BCF         LCD_EN, BitPos(LCD_EN+0) 
;__Lib_Lcd.c,179 :: 		
0x03E0	0xDE1A      	RCALL       _Delay_5500us
;__Lib_Lcd.c,181 :: 		
0x03E2	0x8040      	BSF         __Lib_Lcd_cmd_status, BitPos(__Lib_Lcd_cmd_status+0) 
;__Lib_Lcd.c,182 :: 		
L_end_Lcd_Init:
0x03E4	0x0012      	RETURN      0
; end of _Lcd_Init
_I2C1_Init:
;__Lib_I2C_b10.c,189 :: 		
;__Lib_I2C_b10.c,191 :: 		
0x03E6	0x0EE8      	MOVLW       _I2C1_Is_Idle
0x03E8	0x6E2D      	MOVWF       _I2C_Is_Idle_Ptr 
0x03EA	0x0E00      	MOVLW       hi_addr(_I2C1_Is_Idle)
0x03EC	0x6E2E      	MOVWF       _I2C_Is_Idle_Ptr+1 
0x03EE	0x0E00      	MOVLW       0
0x03F0	0x6E2F      	MOVWF       _I2C_Is_Idle_Ptr+2 
0x03F2	0x0E00      	MOVLW       0
0x03F4	0x6E30      	MOVWF       _I2C_Is_Idle_Ptr+3 
;__Lib_I2C_b10.c,192 :: 		
0x03F6	0x0E34      	MOVLW       _I2C1_Start
0x03F8	0x6E41      	MOVWF       _I2C_Start_Ptr 
0x03FA	0x0E05      	MOVLW       hi_addr(_I2C1_Start)
0x03FC	0x6E42      	MOVWF       _I2C_Start_Ptr+1 
0x03FE	0x0E00      	MOVLW       0
0x0400	0x6E43      	MOVWF       _I2C_Start_Ptr+2 
0x0402	0x0E00      	MOVLW       0
0x0404	0x6E44      	MOVWF       _I2C_Start_Ptr+3 
;__Lib_I2C_b10.c,193 :: 		
0x0406	0x0E44      	MOVLW       _I2C1_Repeated_Start
0x0408	0x6E45      	MOVWF       _I2C_Restart_Ptr 
0x040A	0x0E02      	MOVLW       hi_addr(_I2C1_Repeated_Start)
0x040C	0x6E46      	MOVWF       _I2C_Restart_Ptr+1 
0x040E	0x0E00      	MOVLW       0
0x0410	0x6E47      	MOVWF       _I2C_Restart_Ptr+2 
0x0412	0x0E00      	MOVLW       0
0x0414	0x6E48      	MOVWF       _I2C_Restart_Ptr+3 
;__Lib_I2C_b10.c,194 :: 		
0x0416	0x0E96      	MOVLW       _I2C1_Rd
0x0418	0x6E49      	MOVWF       _I2C_Read_Ptr 
0x041A	0x0E02      	MOVLW       hi_addr(_I2C1_Rd)
0x041C	0x6E4A      	MOVWF       _I2C_Read_Ptr+1 
0x041E	0x0E4D      	MOVLW       FARG_I2C1_Rd_ack
0x0420	0x6E4B      	MOVWF       _I2C_Read_Ptr+2 
0x0422	0x0E00      	MOVLW       hi_addr(FARG_I2C1_Rd_ack)
0x0424	0x6E4C      	MOVWF       _I2C_Read_Ptr+3 
;__Lib_I2C_b10.c,195 :: 		
0x0426	0x0EBC      	MOVLW       _I2C1_Wr
0x0428	0x6E38      	MOVWF       _I2C_Write_Ptr 
0x042A	0x0E05      	MOVLW       hi_addr(_I2C1_Wr)
0x042C	0x6E39      	MOVWF       _I2C_Write_Ptr+1 
0x042E	0x0E4D      	MOVLW       FARG_I2C1_Wr_data_
0x0430	0x6E3A      	MOVWF       _I2C_Write_Ptr+2 
0x0432	0x0E00      	MOVLW       hi_addr(FARG_I2C1_Wr_data_)
0x0434	0x6E3B      	MOVWF       _I2C_Write_Ptr+3 
;__Lib_I2C_b10.c,196 :: 		
0x0436	0x0EB6      	MOVLW       _I2C1_Stop
0x0438	0x6E3C      	MOVWF       _I2C_Stop_Ptr 
0x043A	0x0E01      	MOVLW       hi_addr(_I2C1_Stop)
0x043C	0x6E3D      	MOVWF       _I2C_Stop_Ptr+1 
0x043E	0x0E00      	MOVLW       0
0x0440	0x6E3E      	MOVWF       _I2C_Stop_Ptr+2 
0x0442	0x0E00      	MOVLW       0
0x0444	0x6E3F      	MOVWF       _I2C_Stop_Ptr+3 
;__Lib_I2C_b10.c,203 :: 		
0x0446	0x9093      	BCF         TRISB0_bit, BitPos(TRISB0_bit+0) 
;__Lib_I2C_b10.c,204 :: 		
0x0448	0x9293      	BCF         TRISB1_bit, BitPos(TRISB1_bit+0) 
;__Lib_I2C_b10.c,207 :: 		
0x044A	0x908A      	BCF         LATB0_bit, BitPos(LATB0_bit+0) 
;__Lib_I2C_b10.c,208 :: 		
0x044C	0x928A      	BCF         LATB1_bit, BitPos(LATB1_bit+0) 
;__Lib_I2C_b10.c,211 :: 		
0x044E	0x8093      	BSF         TRISB0_bit, BitPos(TRISB0_bit+0) 
;__Lib_I2C_b10.c,212 :: 		
0x0450	0x8293      	BSF         TRISB1_bit, BitPos(TRISB1_bit+0) 
;__Lib_I2C_b10.c,214 :: 		
0x0452	0x9EC7      	BCF         SSPSTAT, 7 
;__Lib_I2C_b10.c,215 :: 		
0x0454	0x9CC7      	BCF         SSPSTAT, 6 
;__Lib_I2C_b10.c,216 :: 		
0x0456	0x0E38      	MOVLW       56
0x0458	0x6EC6      	MOVWF       SSPCON1 
;__Lib_I2C_b10.c,219 :: 		
L_end_I2C1_Init:
0x045A	0x0012      	RETURN      0
; end of _I2C1_Init
_IntToStr:
;__Lib_Conversions.c,195 :: 		
;__Lib_Conversions.c,201 :: 		
0x045C	0x6A53      	CLRF        IntToStr_negative_L0 
0x045E	0x6A54      	CLRF        IntToStr_negative_L0+1 
;__Lib_Conversions.c,202 :: 		
0x0460	0xF055C04D  	MOVFF       FARG_IntToStr_input, IntToStr_inword_L0
0x0464	0xF056C04E  	MOVFF       FARG_IntToStr_input+1, IntToStr_inword_L0+1
;__Lib_Conversions.c,203 :: 		
0x0468	0x0E80      	MOVLW       128
0x046A	0x184E      	XORWF       FARG_IntToStr_input+1, 0 
0x046C	0x6E00      	MOVWF       R0 
0x046E	0x0E80      	MOVLW       128
0x0470	0x5C00      	SUBWF       R0, 0 
0x0472	0xE102      	BNZ         L__IntToStr387
0x0474	0x0E00      	MOVLW       0
0x0476	0x5C4D      	SUBWF       FARG_IntToStr_input, 0 
L__IntToStr387:
0x0478	0xE20B      	BC          L_IntToStr37
;__Lib_Conversions.c,204 :: 		
0x047A	0x0E01      	MOVLW       1
0x047C	0x6E53      	MOVWF       IntToStr_negative_L0 
0x047E	0x0E00      	MOVLW       0
0x0480	0x6E54      	MOVWF       IntToStr_negative_L0+1 
;__Lib_Conversions.c,205 :: 		
0x0482	0x504D      	MOVF        FARG_IntToStr_input, 0 
0x0484	0x0800      	SUBLW       0
0x0486	0x6E55      	MOVWF       IntToStr_inword_L0 
0x0488	0xF056C04E  	MOVFF       FARG_IntToStr_input+1, IntToStr_inword_L0+1
0x048C	0x0E00      	MOVLW       0
0x048E	0x5656      	SUBFWB      IntToStr_inword_L0+1, 1 
;__Lib_Conversions.c,206 :: 		
L_IntToStr37:
;__Lib_Conversions.c,207 :: 		
0x0490	0xF057C055  	MOVFF       IntToStr_inword_L0, FARG_WordToStr_input
0x0494	0xF058C056  	MOVFF       IntToStr_inword_L0+1, FARG_WordToStr_input+1
0x0498	0xF059C04F  	MOVFF       FARG_IntToStr_output, FARG_WordToStr_output
0x049C	0xF05AC050  	MOVFF       FARG_IntToStr_output+1, FARG_WordToStr_output+1
0x04A0	0xDE30      	RCALL       _WordToStr
;__Lib_Conversions.c,209 :: 		
0x04A2	0x0E06      	MOVLW       6
0x04A4	0x6E51      	MOVWF       IntToStr_i_L0 
0x04A6	0x0E00      	MOVLW       0
0x04A8	0x6E52      	MOVWF       IntToStr_i_L0+1 
;__Lib_Conversions.c,210 :: 		
L_IntToStr38:
0x04AA	0x0E00      	MOVLW       0
0x04AC	0x6E00      	MOVWF       R0 
0x04AE	0x5052      	MOVF        IntToStr_i_L0+1, 0 
0x04B0	0x5C00      	SUBWF       R0, 0 
0x04B2	0xE102      	BNZ         L__IntToStr388
0x04B4	0x5051      	MOVF        IntToStr_i_L0, 0 
0x04B6	0x0800      	SUBLW       0
L__IntToStr388:
0x04B8	0xE219      	BC          L_IntToStr39
;__Lib_Conversions.c,211 :: 		
0x04BA	0x5051      	MOVF        IntToStr_i_L0, 0 
0x04BC	0x244F      	ADDWF       FARG_IntToStr_output, 0 
0x04BE	0x6EE1      	MOVWF       FSR1L 
0x04C0	0x5052      	MOVF        IntToStr_i_L0+1, 0 
0x04C2	0x2050      	ADDWFC      FARG_IntToStr_output+1, 0 
0x04C4	0x6EE2      	MOVWF       FSR1L+1 
0x04C6	0x0E01      	MOVLW       1
0x04C8	0x5C51      	SUBWF       IntToStr_i_L0, 0 
0x04CA	0x6E00      	MOVWF       R0 
0x04CC	0x0E00      	MOVLW       0
0x04CE	0x5852      	SUBWFB      IntToStr_i_L0+1, 0 
0x04D0	0x6E01      	MOVWF       R1 
0x04D2	0x5000      	MOVF        R0, 0 
0x04D4	0x244F      	ADDWF       FARG_IntToStr_output, 0 
0x04D6	0x6EE9      	MOVWF       FSR0L 
0x04D8	0x5001      	MOVF        R1, 0 
0x04DA	0x2050      	ADDWFC      FARG_IntToStr_output+1, 0 
0x04DC	0x6EEA      	MOVWF       FSR0L+1 
0x04DE	0xFFE6CFEE  	MOVFF       POSTINC0, POSTINC1
;__Lib_Conversions.c,212 :: 		
0x04E2	0x0E01      	MOVLW       1
0x04E4	0x5E51      	SUBWF       IntToStr_i_L0, 1 
0x04E6	0x0E00      	MOVLW       0
0x04E8	0x5A52      	SUBWFB      IntToStr_i_L0+1, 1 
;__Lib_Conversions.c,213 :: 		
0x04EA	0xD7DF      	BRA         L_IntToStr38
L_IntToStr39:
;__Lib_Conversions.c,214 :: 		
0x04EC	0xFFE1C04F  	MOVFF       FARG_IntToStr_output, FSR1L
0x04F0	0xFFE2C050  	MOVFF       FARG_IntToStr_output+1, FSR1H
0x04F4	0x0E20      	MOVLW       32
0x04F6	0x6EE6      	MOVWF       POSTINC1 
;__Lib_Conversions.c,215 :: 		
0x04F8	0x5053      	MOVF        IntToStr_negative_L0, 0 
0x04FA	0x1054      	IORWF       IntToStr_negative_L0+1, 0 
0x04FC	0xE01A      	BZ          L_IntToStr40
;__Lib_Conversions.c,216 :: 		
0x04FE	0x6A51      	CLRF        IntToStr_i_L0 
0x0500	0x6A52      	CLRF        IntToStr_i_L0+1 
;__Lib_Conversions.c,217 :: 		
L_IntToStr41:
0x0502	0x5051      	MOVF        IntToStr_i_L0, 0 
0x0504	0x244F      	ADDWF       FARG_IntToStr_output, 0 
0x0506	0x6EE9      	MOVWF       FSR0L 
0x0508	0x5052      	MOVF        IntToStr_i_L0+1, 0 
0x050A	0x2050      	ADDWFC      FARG_IntToStr_output+1, 0 
0x050C	0x6EEA      	MOVWF       FSR0L+1 
0x050E	0x50EE      	MOVF        POSTINC0, 0 
0x0510	0x0A20      	XORLW       32
0x0512	0xE103      	BNZ         L_IntToStr42
0x0514	0x4A51      	INFSNZ      IntToStr_i_L0, 1 
0x0516	0x2A52      	INCF        IntToStr_i_L0+1, 1 
0x0518	0xD7F4      	BRA         L_IntToStr41
L_IntToStr42:
;__Lib_Conversions.c,218 :: 		
0x051A	0x0E01      	MOVLW       1
0x051C	0x5E51      	SUBWF       IntToStr_i_L0, 1 
0x051E	0x0E00      	MOVLW       0
0x0520	0x5A52      	SUBWFB      IntToStr_i_L0+1, 1 
;__Lib_Conversions.c,219 :: 		
0x0522	0x5051      	MOVF        IntToStr_i_L0, 0 
0x0524	0x244F      	ADDWF       FARG_IntToStr_output, 0 
0x0526	0x6EE1      	MOVWF       FSR1L 
0x0528	0x5052      	MOVF        IntToStr_i_L0+1, 0 
0x052A	0x2050      	ADDWFC      FARG_IntToStr_output+1, 0 
0x052C	0x6EE2      	MOVWF       FSR1L+1 
0x052E	0x0E2D      	MOVLW       45
0x0530	0x6EE6      	MOVWF       POSTINC1 
L_IntToStr40:
;__Lib_Conversions.c,220 :: 		
L_end_IntToStr:
0x0532	0x0012      	RETURN      0
; end of _IntToStr
_I2C1_Start:
;__Lib_I2C_b10.c,37 :: 		
;__Lib_I2C_b10.c,41 :: 		
0x0534	0xF04FC015  	MOVFF       __Lib_I2C_b10__I2C1_TIMEOUT, I2C1_Start_timeout_L0
0x0538	0xF050C016  	MOVFF       __Lib_I2C_b10__I2C1_TIMEOUT+1, I2C1_Start_timeout_L0+1
0x053C	0xF051C017  	MOVFF       __Lib_I2C_b10__I2C1_TIMEOUT+2, I2C1_Start_timeout_L0+2
0x0540	0xF052C018  	MOVFF       __Lib_I2C_b10__I2C1_TIMEOUT+3, I2C1_Start_timeout_L0+3
;__Lib_I2C_b10.c,43 :: 		
0x0544	0x6A4D      	CLRF        I2C1_Start_j_L0 
0x0546	0x6A4E      	CLRF        I2C1_Start_j_L0+1 
L_I2C1_Start2:
0x0548	0x504E      	MOVF        I2C1_Start_j_L0+1, 0 
0x054A	0x0812      	SUBLW       18
0x054C	0xE102      	BNZ         L__I2C1_Start39
0x054E	0x504D      	MOVF        I2C1_Start_j_L0, 0 
0x0550	0x088E      	SUBLW       142
L__I2C1_Start39:
0x0552	0xE307      	BNC         L_I2C1_Start3
;__Lib_I2C_b10.c,44 :: 		
0x0554	0xDDC9      	RCALL       _I2C1_Is_Idle
0x0556	0x5200      	MOVF        R0, 1 
0x0558	0xE001      	BZ          L_I2C1_Start5
;__Lib_I2C_b10.c,45 :: 		
0x055A	0xD003      	BRA         L_I2C1_Start3
L_I2C1_Start5:
;__Lib_I2C_b10.c,43 :: 		
0x055C	0x4A4D      	INFSNZ      I2C1_Start_j_L0, 1 
0x055E	0x2A4E      	INCF        I2C1_Start_j_L0+1, 1 
;__Lib_I2C_b10.c,46 :: 		
0x0560	0xD7F3      	BRA         L_I2C1_Start2
L_I2C1_Start3:
;__Lib_I2C_b10.c,48 :: 		
0x0562	0x0E12      	MOVLW       18
0x0564	0x5C4E      	SUBWF       I2C1_Start_j_L0+1, 0 
0x0566	0xE102      	BNZ         L__I2C1_Start40
0x0568	0x0E8F      	MOVLW       143
0x056A	0x5C4D      	SUBWF       I2C1_Start_j_L0, 0 
L__I2C1_Start40:
0x056C	0xE303      	BNC         L_I2C1_Start6
;__Lib_I2C_b10.c,49 :: 		
0x056E	0x0E7B      	MOVLW       123
0x0570	0x6E00      	MOVWF       R0 
0x0572	0xD023      	BRA         L_end_I2C1_Start
L_I2C1_Start6:
;__Lib_I2C_b10.c,51 :: 		
0x0574	0x80C5      	BSF         SSPCON2, 0 
;__Lib_I2C_b10.c,52 :: 		
L_I2C1_Start8:
0x0576	0xA0C5      	BTFSS       SSPCON2, 0 
0x0578	0xD01F      	BRA         L_I2C1_Start9
;__Lib_I2C_b10.c,54 :: 		
0x057A	0x5015      	MOVF        __Lib_I2C_b10__I2C1_TIMEOUT, 0 
0x057C	0x1016      	IORWF       __Lib_I2C_b10__I2C1_TIMEOUT+1, 0 
0x057E	0x1017      	IORWF       __Lib_I2C_b10__I2C1_TIMEOUT+2, 0 
0x0580	0x1018      	IORWF       __Lib_I2C_b10__I2C1_TIMEOUT+3, 0 
0x0582	0xE019      	BZ          L_I2C1_Start10
;__Lib_I2C_b10.c,56 :: 		
0x0584	0x504F      	MOVF        I2C1_Start_timeout_L0, 0 
0x0586	0x1050      	IORWF       I2C1_Start_timeout_L0+1, 0 
0x0588	0x1051      	IORWF       I2C1_Start_timeout_L0+2, 0 
0x058A	0x1052      	IORWF       I2C1_Start_timeout_L0+3, 0 
0x058C	0xE10E      	BNZ         L_I2C1_Start11
;__Lib_I2C_b10.c,58 :: 		
0x058E	0xFFE1C02B  	MOVFF       _I2C1_Timeout_Ptr+2, FSR1
0x0592	0xFFE2C02C  	MOVFF       _I2C1_Timeout_Ptr+3, FSR1+1
0x0596	0x0E05      	MOVLW       5
0x0598	0x6EE6      	MOVWF       POSTINC1 
0x059A	0xF000C029  	MOVFF       _I2C1_Timeout_Ptr, R0
0x059E	0xF001C02A  	MOVFF       _I2C1_Timeout_Ptr+1, R1
0x05A2	0xDDF7      	RCALL       _____DoIFC
;__Lib_I2C_b10.c,59 :: 		
0x05A4	0x0E01      	MOVLW       1
0x05A6	0x6E00      	MOVWF       R0 
0x05A8	0xD008      	BRA         L_end_I2C1_Start
;__Lib_I2C_b10.c,60 :: 		
L_I2C1_Start11:
;__Lib_I2C_b10.c,61 :: 		
0x05AA	0x0E01      	MOVLW       1
0x05AC	0x5E4F      	SUBWF       I2C1_Start_timeout_L0, 1 
0x05AE	0x0E00      	MOVLW       0
0x05B0	0x5A50      	SUBWFB      I2C1_Start_timeout_L0+1, 1 
0x05B2	0x5A51      	SUBWFB      I2C1_Start_timeout_L0+2, 1 
0x05B4	0x5A52      	SUBWFB      I2C1_Start_timeout_L0+3, 1 
;__Lib_I2C_b10.c,62 :: 		
L_I2C1_Start10:
;__Lib_I2C_b10.c,63 :: 		
0x05B6	0xD7DF      	BRA         L_I2C1_Start8
L_I2C1_Start9:
;__Lib_I2C_b10.c,64 :: 		
0x05B8	0x6A00      	CLRF        R0 
;__Lib_I2C_b10.c,66 :: 		
L_end_I2C1_Start:
0x05BA	0x0012      	RETURN      0
; end of _I2C1_Start
_I2C1_Wr:
;__Lib_I2C_b10.c,139 :: 		
;__Lib_I2C_b10.c,142 :: 		
0x05BC	0x969E      	BCF         PIR1, 3 
;__Lib_I2C_b10.c,143 :: 		
0x05BE	0xFFC9C04D  	MOVFF       FARG_I2C1_Wr_data_, SSPBUF
;__Lib_I2C_b10.c,145 :: 		
0x05C2	0xF04EC015  	MOVFF       __Lib_I2C_b10__I2C1_TIMEOUT, I2C1_Wr_timeout_L0
0x05C6	0xF04FC016  	MOVFF       __Lib_I2C_b10__I2C1_TIMEOUT+1, I2C1_Wr_timeout_L0+1
0x05CA	0xF050C017  	MOVFF       __Lib_I2C_b10__I2C1_TIMEOUT+2, I2C1_Wr_timeout_L0+2
0x05CE	0xF051C018  	MOVFF       __Lib_I2C_b10__I2C1_TIMEOUT+3, I2C1_Wr_timeout_L0+3
;__Lib_I2C_b10.c,147 :: 		
L_I2C1_Wr26:
0x05D2	0xA4C7      	BTFSS       SSPSTAT, 2 
0x05D4	0xD01F      	BRA         L_I2C1_Wr27
;__Lib_I2C_b10.c,149 :: 		
0x05D6	0x5015      	MOVF        __Lib_I2C_b10__I2C1_TIMEOUT, 0 
0x05D8	0x1016      	IORWF       __Lib_I2C_b10__I2C1_TIMEOUT+1, 0 
0x05DA	0x1017      	IORWF       __Lib_I2C_b10__I2C1_TIMEOUT+2, 0 
0x05DC	0x1018      	IORWF       __Lib_I2C_b10__I2C1_TIMEOUT+3, 0 
0x05DE	0xE019      	BZ          L_I2C1_Wr28
;__Lib_I2C_b10.c,151 :: 		
0x05E0	0x504E      	MOVF        I2C1_Wr_timeout_L0, 0 
0x05E2	0x104F      	IORWF       I2C1_Wr_timeout_L0+1, 0 
0x05E4	0x1050      	IORWF       I2C1_Wr_timeout_L0+2, 0 
0x05E6	0x1051      	IORWF       I2C1_Wr_timeout_L0+3, 0 
0x05E8	0xE10E      	BNZ         L_I2C1_Wr29
;__Lib_I2C_b10.c,153 :: 		
0x05EA	0xFFE1C02B  	MOVFF       _I2C1_Timeout_Ptr+2, FSR1
0x05EE	0xFFE2C02C  	MOVFF       _I2C1_Timeout_Ptr+3, FSR1+1
0x05F2	0x0E04      	MOVLW       4
0x05F4	0x6EE6      	MOVWF       POSTINC1 
0x05F6	0xF000C029  	MOVFF       _I2C1_Timeout_Ptr, R0
0x05FA	0xF001C02A  	MOVFF       _I2C1_Timeout_Ptr+1, R1
0x05FE	0xDDC9      	RCALL       _____DoIFC
;__Lib_I2C_b10.c,154 :: 		
0x0600	0x0E01      	MOVLW       1
0x0602	0x6E00      	MOVWF       R0 
0x0604	0xD037      	BRA         L_end_I2C1_Wr
;__Lib_I2C_b10.c,155 :: 		
L_I2C1_Wr29:
;__Lib_I2C_b10.c,156 :: 		
0x0606	0x0E01      	MOVLW       1
0x0608	0x5E4E      	SUBWF       I2C1_Wr_timeout_L0, 1 
0x060A	0x0E00      	MOVLW       0
0x060C	0x5A4F      	SUBWFB      I2C1_Wr_timeout_L0+1, 1 
0x060E	0x5A50      	SUBWFB      I2C1_Wr_timeout_L0+2, 1 
0x0610	0x5A51      	SUBWFB      I2C1_Wr_timeout_L0+3, 1 
;__Lib_I2C_b10.c,157 :: 		
L_I2C1_Wr28:
;__Lib_I2C_b10.c,158 :: 		
0x0612	0xD7DF      	BRA         L_I2C1_Wr26
L_I2C1_Wr27:
;__Lib_I2C_b10.c,160 :: 		
0x0614	0xF04EC015  	MOVFF       __Lib_I2C_b10__I2C1_TIMEOUT, I2C1_Wr_timeout_L0
0x0618	0xF04FC016  	MOVFF       __Lib_I2C_b10__I2C1_TIMEOUT+1, I2C1_Wr_timeout_L0+1
0x061C	0xF050C017  	MOVFF       __Lib_I2C_b10__I2C1_TIMEOUT+2, I2C1_Wr_timeout_L0+2
0x0620	0xF051C018  	MOVFF       __Lib_I2C_b10__I2C1_TIMEOUT+3, I2C1_Wr_timeout_L0+3
;__Lib_I2C_b10.c,162 :: 		
L_I2C1_Wr30:
0x0624	0xB69E      	BTFSC       PIR1, 3 
0x0626	0xD01F      	BRA         L_I2C1_Wr31
;__Lib_I2C_b10.c,164 :: 		
0x0628	0x5015      	MOVF        __Lib_I2C_b10__I2C1_TIMEOUT, 0 
0x062A	0x1016      	IORWF       __Lib_I2C_b10__I2C1_TIMEOUT+1, 0 
0x062C	0x1017      	IORWF       __Lib_I2C_b10__I2C1_TIMEOUT+2, 0 
0x062E	0x1018      	IORWF       __Lib_I2C_b10__I2C1_TIMEOUT+3, 0 
0x0630	0xE019      	BZ          L_I2C1_Wr32
;__Lib_I2C_b10.c,166 :: 		
0x0632	0x504E      	MOVF        I2C1_Wr_timeout_L0, 0 
0x0634	0x104F      	IORWF       I2C1_Wr_timeout_L0+1, 0 
0x0636	0x1050      	IORWF       I2C1_Wr_timeout_L0+2, 0 
0x0638	0x1051      	IORWF       I2C1_Wr_timeout_L0+3, 0 
0x063A	0xE10E      	BNZ         L_I2C1_Wr33
;__Lib_I2C_b10.c,168 :: 		
0x063C	0xFFE1C02B  	MOVFF       _I2C1_Timeout_Ptr+2, FSR1
0x0640	0xFFE2C02C  	MOVFF       _I2C1_Timeout_Ptr+3, FSR1+1
0x0644	0x0E04      	MOVLW       4
0x0646	0x6EE6      	MOVWF       POSTINC1 
0x0648	0xF000C029  	MOVFF       _I2C1_Timeout_Ptr, R0
0x064C	0xF001C02A  	MOVFF       _I2C1_Timeout_Ptr+1, R1
0x0650	0xDDA0      	RCALL       _____DoIFC
;__Lib_I2C_b10.c,169 :: 		
0x0652	0x0E01      	MOVLW       1
0x0654	0x6E00      	MOVWF       R0 
0x0656	0xD00E      	BRA         L_end_I2C1_Wr
;__Lib_I2C_b10.c,170 :: 		
L_I2C1_Wr33:
;__Lib_I2C_b10.c,171 :: 		
0x0658	0x0E01      	MOVLW       1
0x065A	0x5E4E      	SUBWF       I2C1_Wr_timeout_L0, 1 
0x065C	0x0E00      	MOVLW       0
0x065E	0x5A4F      	SUBWFB      I2C1_Wr_timeout_L0+1, 1 
0x0660	0x5A50      	SUBWFB      I2C1_Wr_timeout_L0+2, 1 
0x0662	0x5A51      	SUBWFB      I2C1_Wr_timeout_L0+3, 1 
;__Lib_I2C_b10.c,172 :: 		
L_I2C1_Wr32:
;__Lib_I2C_b10.c,173 :: 		
0x0664	0xD7DF      	BRA         L_I2C1_Wr30
L_I2C1_Wr31:
;__Lib_I2C_b10.c,175 :: 		
0x0666	0xBCC5      	BTFSC       SSPCON2, 6 
0x0668	0xD002      	BRA         L_I2C1_Wr34
;__Lib_I2C_b10.c,176 :: 		
0x066A	0x6A00      	CLRF        R0 
0x066C	0xD003      	BRA         L_end_I2C1_Wr
;__Lib_I2C_b10.c,177 :: 		
L_I2C1_Wr34:
;__Lib_I2C_b10.c,179 :: 		
0x066E	0x84C5      	BSF         SSPCON2, 2 
;__Lib_I2C_b10.c,180 :: 		
0x0670	0x0E02      	MOVLW       2
0x0672	0x6E00      	MOVWF       R0 
;__Lib_I2C_b10.c,182 :: 		
L_end_I2C1_Wr:
0x0674	0x0012      	RETURN      0
; end of _I2C1_Wr
_main:
0x0676	0xF003EC99  	CALL        1842, 0
;MyProject.c,57 :: 		void main()
;MyProject.c,59 :: 		ADCON1     = 0x0F;                        //Apenas entradas digitais
0x067A	0x0E0F      	MOVLW       15
0x067C	0x6EC1      	MOVWF       ADCON1 
;MyProject.c,61 :: 		Lcd_Init();                               //Inicia módulo LCD
0x067E	0xDE68      	RCALL       _Lcd_Init
;MyProject.c,62 :: 		Lcd_Cmd(_LCD_CLEAR);                      //Limpa display
0x0680	0x0E01      	MOVLW       1
0x0682	0x6E5E      	MOVWF       FARG_Lcd_Cmd_out_char 
0x0684	0xDCD8      	RCALL       _Lcd_Cmd
;MyProject.c,63 :: 		Lcd_Cmd(_LCD_CURSOR_OFF);                 //Apaga cursor
0x0686	0x0E0C      	MOVLW       12
0x0688	0x6E5E      	MOVWF       FARG_Lcd_Cmd_out_char 
0x068A	0xDCD5      	RCALL       _Lcd_Cmd
;MyProject.c,64 :: 		Lcd_Out(1,2,"PIC18F4550 I2C");            //imprime no display
0x068C	0x0E01      	MOVLW       1
0x068E	0x6E4D      	MOVWF       FARG_Lcd_Out_row 
0x0690	0x0E02      	MOVLW       2
0x0692	0x6E4E      	MOVWF       FARG_Lcd_Out_column 
0x0694	0x0E19      	MOVLW       ?lstr1_MyProject
0x0696	0x6E4F      	MOVWF       FARG_Lcd_Out_text 
0x0698	0x0E00      	MOVLW       hi_addr(?lstr1_MyProject)
0x069A	0x6E50      	MOVWF       FARG_Lcd_Out_text+1 
0x069C	0xDD96      	RCALL       _Lcd_Out
;MyProject.c,66 :: 		I2C1_Init(400000);                        //Inicializa comunicação I2C
0x069E	0x0E0C      	MOVLW       12
0x06A0	0x6EC8      	MOVWF       SSPADD 
0x06A2	0xDEA1      	RCALL       _I2C1_Init
;MyProject.c,67 :: 		I2C1_Start();                             //Inicia I2C
0x06A4	0xDF47      	RCALL       _I2C1_Start
;MyProject.c,68 :: 		I2C1_Wr(0xA0);                            //Envia o byte por I2C (endereço do dispositivo + Write)
0x06A6	0x0EA0      	MOVLW       160
0x06A8	0x6E4D      	MOVWF       FARG_I2C1_Wr_data_ 
0x06AA	0xDF88      	RCALL       _I2C1_Wr
;MyProject.c,69 :: 		I2C1_Wr(0x05);                            //Envia o valor da posição de memória a ser escrita
0x06AC	0x0E05      	MOVLW       5
0x06AE	0x6E4D      	MOVWF       FARG_I2C1_Wr_data_ 
0x06B0	0xDF85      	RCALL       _I2C1_Wr
;MyProject.c,70 :: 		I2C1_Wr(39);                              //Escreve o dado 39 na memória
0x06B2	0x0E27      	MOVLW       39
0x06B4	0x6E4D      	MOVWF       FARG_I2C1_Wr_data_ 
0x06B6	0xDF82      	RCALL       _I2C1_Wr
;MyProject.c,71 :: 		I2C1_Stop();                              //Para I2C
0x06B8	0xDD7E      	RCALL       _I2C1_Stop
;MyProject.c,73 :: 		delay_ms(100);                            //aguarda 100ms
0x06BA	0x0E03      	MOVLW       3
0x06BC	0x6E0B      	MOVWF       R11, 0
0x06BE	0x0E8A      	MOVLW       138
0x06C0	0x6E0C      	MOVWF       R12, 0
0x06C2	0x0E55      	MOVLW       85
0x06C4	0x6E0D      	MOVWF       R13, 0
L_main0:
0x06C6	0x2E0D      	DECFSZ      R13, 1, 0
0x06C8	0xD7FE      	BRA         L_main0
0x06CA	0x2E0C      	DECFSZ      R12, 1, 0
0x06CC	0xD7FC      	BRA         L_main0
0x06CE	0x2E0B      	DECFSZ      R11, 1, 0
0x06D0	0xD7FA      	BRA         L_main0
0x06D2	0x0000      	NOP
0x06D4	0x0000      	NOP
;MyProject.c,75 :: 		I2C1_Start();                             //Inicia I2C
0x06D6	0xDF2E      	RCALL       _I2C1_Start
;MyProject.c,76 :: 		I2C1_Wr(0xA0);                            //Envia o byte por I2C (endereço do dispositivo)
0x06D8	0x0EA0      	MOVLW       160
0x06DA	0x6E4D      	MOVWF       FARG_I2C1_Wr_data_ 
0x06DC	0xDF6F      	RCALL       _I2C1_Wr
;MyProject.c,77 :: 		I2C1_Wr(0x05);                            //Envia o valor da posição de memória
0x06DE	0x0E05      	MOVLW       5
0x06E0	0x6E4D      	MOVWF       FARG_I2C1_Wr_data_ 
0x06E2	0xDF6C      	RCALL       _I2C1_Wr
;MyProject.c,78 :: 		I2C1_Repeated_Start();                    //Restart I2C
0x06E4	0xDDAF      	RCALL       _I2C1_Repeated_Start
;MyProject.c,79 :: 		I2C1_Wr(0xA1);                            //Envia byte endereço do dispositivo + Read
0x06E6	0x0EA1      	MOVLW       161
0x06E8	0x6E4D      	MOVWF       FARG_I2C1_Wr_data_ 
0x06EA	0xDF68      	RCALL       _I2C1_Wr
;MyProject.c,80 :: 		store1 = I2C1_Rd(0u);                     //Lê o dado e armazena em store1
0x06EC	0x6A4D      	CLRF        FARG_I2C1_Rd_ack 
0x06EE	0xDDD3      	RCALL       _I2C1_Rd
0x06F0	0xF028C000  	MOVFF       R0, _store1
;MyProject.c,81 :: 		I2C1_Stop();                              //Para o I2C
0x06F4	0xDD60      	RCALL       _I2C1_Stop
;MyProject.c,83 :: 		IntToStr(store1, txt1);                   //converte a variável para string
0x06F6	0xF04DC028  	MOVFF       _store1, FARG_IntToStr_input
0x06FA	0x0E00      	MOVLW       0
0x06FC	0x6E4E      	MOVWF       FARG_IntToStr_input+1 
0x06FE	0x0E31      	MOVLW       _txt1
0x0700	0x6E4F      	MOVWF       FARG_IntToStr_output 
0x0702	0x0E00      	MOVLW       hi_addr(_txt1)
0x0704	0x6E50      	MOVWF       FARG_IntToStr_output+1 
0x0706	0xDEAA      	RCALL       _IntToStr
;MyProject.c,85 :: 		Lcd_Out(2,2,txt1);                        //imprime no LCD
0x0708	0x0E02      	MOVLW       2
0x070A	0x6E4D      	MOVWF       FARG_Lcd_Out_row 
0x070C	0x0E02      	MOVLW       2
0x070E	0x6E4E      	MOVWF       FARG_Lcd_Out_column 
0x0710	0x0E31      	MOVLW       _txt1
0x0712	0x6E4F      	MOVWF       FARG_Lcd_Out_text 
0x0714	0x0E00      	MOVLW       hi_addr(_txt1)
0x0716	0x6E50      	MOVWF       FARG_Lcd_Out_text+1 
0x0718	0xDD58      	RCALL       _Lcd_Out
;MyProject.c,88 :: 		while(1)                                  //Loop infinito
L_main1:
;MyProject.c,91 :: 		} // end while
0x071A	0xD7FF      	BRA         L_main1
;MyProject.c,93 :: 		} // end main
L_end_main:
0x071C	0xD7FF      	BRA         $+0
; end of _main
0x0732	0xF015EE10  	LFSR        1, 21
0x0736	0x0E14      	MOVLW       20
0x0738	0x6E00      	MOVWF       R0 
0x073A	0x0E01      	MOVLW       1
0x073C	0x6E01      	MOVWF       R1 
0x073E	0x0E1E      	MOVLW       30
0x0740	0x6EF6      	MOVWF       TBLPTR 
0x0742	0x0E07      	MOVLW       7
0x0744	0x6EF7      	MOVWF       TBLPTRH 
0x0746	0x0E00      	MOVLW       0
0x0748	0x6EF8      	MOVWF       TBLPTRU 
0x074A	0xF000ECDD  	CALL        442, 0
0x074E	0x0012      	RETURN      0
;__Lib_I2C_b10.c,0 :: ?ICS__Lib_I2C_b10__I2C1_TIMEOUT
0x071E	0x0000 ;?ICS__Lib_I2C_b10__I2C1_TIMEOUT+0
0x0720	0x0000 ;?ICS__Lib_I2C_b10__I2C1_TIMEOUT+2
; end of ?ICS__Lib_I2C_b10__I2C1_TIMEOUT
;MyProject.c,0 :: ?ICS?lstr1_MyProject
0x0722	0x4950 ;?ICS?lstr1_MyProject+0
0x0724	0x3143 ;?ICS?lstr1_MyProject+2
0x0726	0x4638 ;?ICS?lstr1_MyProject+4
0x0728	0x3534 ;?ICS?lstr1_MyProject+6
0x072A	0x3035 ;?ICS?lstr1_MyProject+8
0x072C	0x4920 ;?ICS?lstr1_MyProject+10
0x072E	0x4332 ;?ICS?lstr1_MyProject+12
0x0730	0x00 ;?ICS?lstr1_MyProject+14
; end of ?ICS?lstr1_MyProject
;MyProject.c,0 :: ?ICS_store1
0x0731	0x00 ;?ICS_store1+0
; end of ?ICS_store1
Symbol List:
//** Routines locations **
//ADDRESS    SIZE    PROCEDURE
//----------------------------------------------
0x0008       [2]    _interrupt
0x000A      [12]    _Delay_1us
0x0016      [22]    _Delay_5500us
0x002C      [10]    _Delay_50us
0x0036     [124]    _Lcd_Cmd
0x00B2      [54]    _Div_16X16_U
0x00E8      [26]    _I2C1_Is_Idle
0x0102     [144]    _WordToStr
0x0192      [24]    _____DoIFC
0x01AA      [12]    _Lcd_Chr_CP
0x01B6       [4]    _I2C1_Stop
0x01BA      [16]    ___CC2DW
0x01CA     [122]    _Lcd_Out
0x0244      [82]    _I2C1_Repeated_Start
0x0296     [186]    _I2C1_Rd
0x0350     [150]    _Lcd_Init
0x03E6     [118]    _I2C1_Init
0x045C     [216]    _IntToStr
0x0534     [136]    _I2C1_Start
0x05BC     [186]    _I2C1_Wr
0x0676     [168]    _main
//** Variables locations ** 
//ADDRESS    SIZE    VARIABLE
//----------------------------------------------
0x0000       [1]    R0
0x0001       [1]    R1
0x0001       [1]    __Lib_Conversions_Adjust_Hex_tmp_L0
0x0002       [2]    memchr_s_L0
0x0002       [1]    R2
0x0002       [2]    memcpy_dd_L0
0x0002       [2]    memset_pp_L0
0x0002       [2]    strlen_cp_L0
0x0003       [2]    Ltrim_original_L0
0x0003       [2]    memmove_tt_L0
0x0003       [1]    R3
0x0004       [2]    strcpy_cp_L0
0x0004       [2]    strncat_cp_L0
0x0004       [2]    strncpy_cp_L0
0x0004       [1]    R4
0x0004       [2]    memcpy_ss_L0
0x0004       [2]    strcat_cp_L0
0x0005       [2]    memmove_ff_L0
0x0005       [2]    LongIntToHex_input_half_L0
0x0005       [2]    LongWordToHex_input_half_L0
0x0005       [1]    R5
0x0005       [2]    Ltrim_p_L0
0x0006       [1]    R6
0x0007       [1]    R7
0x0008       [1]    R8
0x0009       [1]    R9
0x000A       [1]    R10
0x000B       [1]    R11
0x000C       [1]    R12
0x000D       [1]    R13
0x000E       [1]    R14
0x000F       [1]    R15
0x0010       [1]    R16
0x0011       [1]    R17
0x0012       [1]    R18
0x0013       [1]    R19
0x0014       [1]    R20
0x0015       [4]    __Lib_I2C_b10__I2C1_TIMEOUT
0x0019      [15]    ?lstr1_MyProject
0x0028       [1]    _store1
0x0029       [4]    _I2C1_Timeout_Ptr
0x002D       [4]    _I2C_Is_Idle_Ptr
0x0031       [7]    _txt1
0x0038       [4]    _I2C_Write_Ptr
0x003C       [4]    _I2C_Stop_Ptr
0x0040       [0]    __Lib_Lcd_cmd_status
0x0041       [4]    _I2C_Start_Ptr
0x0045       [4]    _I2C_Restart_Ptr
0x0049       [4]    _I2C_Read_Ptr
0x004D       [1]    FARG_I2C1_Rd_ack
0x004D       [2]    FARG_IntToStr_input
0x004D       [4]    FARG_I2C1_Init_clock
0x004D       [1]    FARG_I2C1_Wr_data_
0x004D       [1]    FARG_Lcd_Out_row
0x004D       [2]    I2C1_Start_j_L0
0x004D       [4]    I2C1_Repeated_Start_timeout_L0
0x004E       [4]    I2C1_Wr_timeout_L0
0x004E       [1]    FARG_Lcd_Out_column
0x004E       [1]    I2C1_Rd_tmp_L0
0x004F       [2]    FARG_Lcd_Out_text
0x004F       [2]    FARG_IntToStr_output
0x004F       [4]    I2C1_Start_timeout_L0
0x004F       [4]    I2C1_Rd_timeout_L0
0x0051       [2]    IntToStr_i_L0
0x0051       [1]    Lcd_Out_i_L0
0x0053       [2]    IntToStr_negative_L0
0x0055       [2]    IntToStr_inword_L0
0x0057       [2]    FARG_WordToStr_input
0x0057       [1]    FARG_Lcd_Chr_CP_out_char
0x0059       [2]    FARG_WordToStr_output
0x005B       [1]    WordToStr_len_L0
0x005C       [2]    FLOC__WordToStr
0x005E       [1]    FARG_Lcd_Cmd_out_char
0x0F82       [0]    RC7_bit
0x0F82       [0]    RC6_bit
0x0F82       [0]    LCD_EN
0x0F82       [0]    LCD_RS
0x0F83       [0]    LCD_D7
0x0F83       [0]    LCD_D4
0x0F83       [0]    LCD_D5
0x0F83       [0]    LCD_D6
0x0F83       [0]    RD6_bit
0x0F83       [0]    RD7_bit
0x0F83       [0]    RD4_bit
0x0F83       [0]    RD5_bit
0x0F8A       [0]    LATB0_bit
0x0F8A       [0]    LATB1_bit
0x0F93       [0]    TRISB1_bit
0x0F93       [0]    TRISB0_bit
0x0F94       [0]    TRISC6_bit
0x0F94       [0]    TRISC7_bit
0x0F94       [0]    LCD_RS_Direction
0x0F94       [0]    LCD_EN_Direction
0x0F95       [0]    LCD_D5_Direction
0x0F95       [0]    LCD_D6_Direction
0x0F95       [0]    LCD_D4_Direction
0x0F95       [0]    TRISD4_bit
0x0F95       [0]    TRISD5_bit
0x0F95       [0]    TRISD6_bit
0x0F95       [0]    TRISD7_bit
0x0F95       [0]    LCD_D7_Direction
0x0F9E       [1]    PIR1
0x0FC1       [1]    ADCON1
0x0FC5       [1]    SSPCON2
0x0FC6       [1]    SSPCON1
0x0FC7       [1]    SSPSTAT
0x0FC8       [1]    SSPADD
0x0FC9       [1]    SSPBUF
0x0FD8       [1]    STATUS
0x0FD9       [1]    FSR2L
0x0FDA       [1]    FSR2H
0x0FDE       [1]    POSTINC2
0x0FE0       [1]    BSR
0x0FE1       [2]    FSR1
0x0FE1       [1]    FSR1L
0x0FE2       [1]    FSR1H
0x0FE4       [1]    PREINC1
0x0FE6       [1]    POSTINC1
0x0FE7       [1]    INDF1
0x0FE8       [1]    WREG
0x0FE9       [1]    FSR0L
0x0FEA       [1]    FSR0H
0x0FEE       [1]    POSTINC0
0x0FF2       [1]    INTCON
0x0FF3       [1]    PRODL
0x0FF4       [1]    PRODH
0x0FF5       [1]    TABLAT
0x0FF6       [3]    TBLPTR
0x0FF6       [1]    TBLPTRL
0x0FF7       [1]    TBLPTRH
0x0FF8       [1]    TBLPTRU
0x0FFD       [1]    TOSL
0x0FFE       [1]    TOSH
0x0FFF       [1]    TOSU
//** Constants locations ** 
//ADDRESS    SIZE    CONSTANT
//----------------------------------------------
0x071E       [4]    ?ICS__Lib_I2C_b10__I2C1_TIMEOUT
0x0722      [15]    ?ICS?lstr1_MyProject
0x0731       [1]    ?ICS_store1
