;  LST file generated by mikroListExporter - v.2.0 
; Date/Time: 01/08/2022 18:32:48
;----------------------------------------------

;Address Opcode 	ASM
0x0000	0xF001EFAE  	GOTO        860
0x0004	0x0000      	NOP
0x0006	0x0000      	NOP
0x0008	0xF000EF00  	GOTO        0
0x000C	0x0000      	NOP
0x000E	0x0000      	NOP
0x0010	0x0000      	NOP
0x0012	0x0000      	NOP
0x0014	0x0000      	NOP
0x0016	0x0000      	NOP
0x0018	0xD7F3      	BRA         0
_Delay_1us:
;__Lib_Delays.c,7 :: 		void Delay_1us() {
;__Lib_Delays.c,8 :: 		Delay_us(1);
0x001C	0x0000      	NOP
0x001E	0x0000      	NOP
;__Lib_Delays.c,9 :: 		}
L_end_Delay_1us:
0x0020	0x0012      	RETURN      0
; end of _Delay_1us
_Delay_5500us:
;__Lib_Delays.c,31 :: 		void Delay_5500us() {
;__Lib_Delays.c,32 :: 		Delay_us(5500);
0x0022	0x0E0F      	MOVLW       15
0x0024	0x6E0C      	MOVWF       R12, 0
0x0026	0x0E47      	MOVLW       71
0x0028	0x6E0D      	MOVWF       R13, 0
L_Delay_5500us5:
0x002A	0x2E0D      	DECFSZ      R13, 1, 0
0x002C	0xD7FE      	BRA         L_Delay_5500us5
0x002E	0x2E0C      	DECFSZ      R12, 1, 0
0x0030	0xD7FC      	BRA         L_Delay_5500us5
0x0032	0x0000      	NOP
0x0034	0x0000      	NOP
;__Lib_Delays.c,33 :: 		}
L_end_Delay_5500us:
0x0036	0x0012      	RETURN      0
; end of _Delay_5500us
_Delay_50us:
;__Lib_Delays.c,19 :: 		void Delay_50us() {
;__Lib_Delays.c,20 :: 		Delay_us(50);
0x0038	0x0E21      	MOVLW       33
0x003A	0x6E0D      	MOVWF       R13, 0
L_Delay_50us2:
0x003C	0x2E0D      	DECFSZ      R13, 1, 0
0x003E	0xD7FE      	BRA         L_Delay_50us2
;__Lib_Delays.c,21 :: 		}
L_end_Delay_50us:
0x0040	0x0012      	RETURN      0
; end of _Delay_50us
_Lcd_Cmd:
;__Lib_Lcd.c,18 :: 		
;__Lib_Lcd.c,20 :: 		
0x0042	0xBE3E      	BTFSC       FARG_Lcd_Cmd_out_char, 7 
0x0044	0xD002      	BRA         L__Lcd_Cmd21
0x0046	0x9E83      	BCF         LCD_D7, BitPos(LCD_D7+0) 
0x0048	0xD001      	BRA         L__Lcd_Cmd22
L__Lcd_Cmd21:
0x004A	0x8E83      	BSF         LCD_D7, BitPos(LCD_D7+0) 
L__Lcd_Cmd22:
;__Lib_Lcd.c,21 :: 		
0x004C	0xBC3E      	BTFSC       FARG_Lcd_Cmd_out_char, 6 
0x004E	0xD002      	BRA         L__Lcd_Cmd23
0x0050	0x9C83      	BCF         LCD_D6, BitPos(LCD_D6+0) 
0x0052	0xD001      	BRA         L__Lcd_Cmd24
L__Lcd_Cmd23:
0x0054	0x8C83      	BSF         LCD_D6, BitPos(LCD_D6+0) 
L__Lcd_Cmd24:
;__Lib_Lcd.c,22 :: 		
0x0056	0xBA3E      	BTFSC       FARG_Lcd_Cmd_out_char, 5 
0x0058	0xD002      	BRA         L__Lcd_Cmd25
0x005A	0x9A83      	BCF         LCD_D5, BitPos(LCD_D5+0) 
0x005C	0xD001      	BRA         L__Lcd_Cmd26
L__Lcd_Cmd25:
0x005E	0x8A83      	BSF         LCD_D5, BitPos(LCD_D5+0) 
L__Lcd_Cmd26:
;__Lib_Lcd.c,23 :: 		
0x0060	0xB83E      	BTFSC       FARG_Lcd_Cmd_out_char, 4 
0x0062	0xD002      	BRA         L__Lcd_Cmd27
0x0064	0x9883      	BCF         LCD_D4, BitPos(LCD_D4+0) 
0x0066	0xD001      	BRA         L__Lcd_Cmd28
L__Lcd_Cmd27:
0x0068	0x8883      	BSF         LCD_D4, BitPos(LCD_D4+0) 
L__Lcd_Cmd28:
;__Lib_Lcd.c,25 :: 		
0x006A	0xB015      	BTFSC       __Lib_Lcd_cmd_status, BitPos(__Lib_Lcd_cmd_status+0) 
0x006C	0xD002      	BRA         L__Lcd_Cmd29
0x006E	0x8C82      	BSF         LCD_RS, BitPos(LCD_RS+0) 
0x0070	0xD001      	BRA         L__Lcd_Cmd30
L__Lcd_Cmd29:
0x0072	0x9C82      	BCF         LCD_RS, BitPos(LCD_RS+0) 
L__Lcd_Cmd30:
;__Lib_Lcd.c,28 :: 		
0x0074	0x8E82      	BSF         LCD_EN, BitPos(LCD_EN+0) 
;__Lib_Lcd.c,29 :: 		
0x0076	0xDFD2      	RCALL       _Delay_1us
;__Lib_Lcd.c,30 :: 		
0x0078	0x9E82      	BCF         LCD_EN, BitPos(LCD_EN+0) 
;__Lib_Lcd.c,33 :: 		
0x007A	0xB63E      	BTFSC       FARG_Lcd_Cmd_out_char, 3 
0x007C	0xD002      	BRA         L__Lcd_Cmd31
0x007E	0x9E83      	BCF         LCD_D7, BitPos(LCD_D7+0) 
0x0080	0xD001      	BRA         L__Lcd_Cmd32
L__Lcd_Cmd31:
0x0082	0x8E83      	BSF         LCD_D7, BitPos(LCD_D7+0) 
L__Lcd_Cmd32:
;__Lib_Lcd.c,34 :: 		
0x0084	0xB43E      	BTFSC       FARG_Lcd_Cmd_out_char, 2 
0x0086	0xD002      	BRA         L__Lcd_Cmd33
0x0088	0x9C83      	BCF         LCD_D6, BitPos(LCD_D6+0) 
0x008A	0xD001      	BRA         L__Lcd_Cmd34
L__Lcd_Cmd33:
0x008C	0x8C83      	BSF         LCD_D6, BitPos(LCD_D6+0) 
L__Lcd_Cmd34:
;__Lib_Lcd.c,35 :: 		
0x008E	0xB23E      	BTFSC       FARG_Lcd_Cmd_out_char, 1 
0x0090	0xD002      	BRA         L__Lcd_Cmd35
0x0092	0x9A83      	BCF         LCD_D5, BitPos(LCD_D5+0) 
0x0094	0xD001      	BRA         L__Lcd_Cmd36
L__Lcd_Cmd35:
0x0096	0x8A83      	BSF         LCD_D5, BitPos(LCD_D5+0) 
L__Lcd_Cmd36:
;__Lib_Lcd.c,36 :: 		
0x0098	0xB03E      	BTFSC       FARG_Lcd_Cmd_out_char, 0 
0x009A	0xD002      	BRA         L__Lcd_Cmd37
0x009C	0x9883      	BCF         LCD_D4, BitPos(LCD_D4+0) 
0x009E	0xD001      	BRA         L__Lcd_Cmd38
L__Lcd_Cmd37:
0x00A0	0x8883      	BSF         LCD_D4, BitPos(LCD_D4+0) 
L__Lcd_Cmd38:
;__Lib_Lcd.c,38 :: 		
0x00A2	0xB015      	BTFSC       __Lib_Lcd_cmd_status, BitPos(__Lib_Lcd_cmd_status+0) 
0x00A4	0xD002      	BRA         L__Lcd_Cmd39
0x00A6	0x8C82      	BSF         LCD_RS, BitPos(LCD_RS+0) 
0x00A8	0xD001      	BRA         L__Lcd_Cmd40
L__Lcd_Cmd39:
0x00AA	0x9C82      	BCF         LCD_RS, BitPos(LCD_RS+0) 
L__Lcd_Cmd40:
;__Lib_Lcd.c,40 :: 		
0x00AC	0x8E82      	BSF         LCD_EN, BitPos(LCD_EN+0) 
;__Lib_Lcd.c,41 :: 		
0x00AE	0xDFB6      	RCALL       _Delay_1us
;__Lib_Lcd.c,42 :: 		
0x00B0	0x9E82      	BCF         LCD_EN, BitPos(LCD_EN+0) 
;__Lib_Lcd.c,44 :: 		
0x00B2	0xA015      	BTFSS       __Lib_Lcd_cmd_status, BitPos(__Lib_Lcd_cmd_status+0) 
0x00B4	0xD002      	BRA         L_Lcd_Cmd0
;__Lib_Lcd.c,45 :: 		
0x00B6	0xDFB5      	RCALL       _Delay_5500us
0x00B8	0xD001      	BRA         L_Lcd_Cmd1
L_Lcd_Cmd0:
;__Lib_Lcd.c,47 :: 		
0x00BA	0xDFBE      	RCALL       _Delay_50us
L_Lcd_Cmd1:
;__Lib_Lcd.c,48 :: 		
L_end_Lcd_Cmd:
0x00BC	0x0012      	RETURN      0
; end of _Lcd_Cmd
_Lcd_Chr_CP:
;__Lib_Lcd.c,50 :: 		
;__Lib_Lcd.c,52 :: 		
0x00BE	0x9015      	BCF         __Lib_Lcd_cmd_status, BitPos(__Lib_Lcd_cmd_status+0) 
;__Lib_Lcd.c,53 :: 		
0x00C0	0xF03EC03D  	MOVFF       FARG_Lcd_Chr_CP_out_char, FARG_Lcd_Cmd_out_char
0x00C4	0xDFBE      	RCALL       _Lcd_Cmd
;__Lib_Lcd.c,54 :: 		
0x00C6	0x8015      	BSF         __Lib_Lcd_cmd_status, BitPos(__Lib_Lcd_cmd_status+0) 
;__Lib_Lcd.c,55 :: 		
L_end_Lcd_Chr_CP:
0x00C8	0x0012      	RETURN      0
; end of _Lcd_Chr_CP
_Lcd_Out:
;__Lib_Lcd.c,184 :: 		
;__Lib_Lcd.c,187 :: 		
0x00CA	0xD00F      	BRA         L_Lcd_Out11
;__Lib_Lcd.c,188 :: 		
L_Lcd_Out13:
0x00CC	0x0E80      	MOVLW       128
0x00CE	0x6E38      	MOVWF       FARG_Lcd_Out_row 
0x00D0	0xD019      	BRA         L_Lcd_Out12
;__Lib_Lcd.c,189 :: 		
L_Lcd_Out14:
0x00D2	0x0EC0      	MOVLW       192
0x00D4	0x6E38      	MOVWF       FARG_Lcd_Out_row 
0x00D6	0xD016      	BRA         L_Lcd_Out12
;__Lib_Lcd.c,190 :: 		
L_Lcd_Out15:
0x00D8	0x0E94      	MOVLW       148
0x00DA	0x6E38      	MOVWF       FARG_Lcd_Out_row 
0x00DC	0xD013      	BRA         L_Lcd_Out12
;__Lib_Lcd.c,191 :: 		
L_Lcd_Out16:
0x00DE	0x0ED4      	MOVLW       212
0x00E0	0x6E38      	MOVWF       FARG_Lcd_Out_row 
0x00E2	0xD010      	BRA         L_Lcd_Out12
;__Lib_Lcd.c,192 :: 		
L_Lcd_Out17:
0x00E4	0x0E80      	MOVLW       128
0x00E6	0x6E38      	MOVWF       FARG_Lcd_Out_row 
;__Lib_Lcd.c,193 :: 		
0x00E8	0xD00D      	BRA         L_Lcd_Out12
L_Lcd_Out11:
0x00EA	0x5038      	MOVF        FARG_Lcd_Out_row, 0 
0x00EC	0x0A01      	XORLW       1
0x00EE	0xE0EE      	BZ          L_Lcd_Out13
0x00F0	0x5038      	MOVF        FARG_Lcd_Out_row, 0 
0x00F2	0x0A02      	XORLW       2
0x00F4	0xE0EE      	BZ          L_Lcd_Out14
0x00F6	0x5038      	MOVF        FARG_Lcd_Out_row, 0 
0x00F8	0x0A03      	XORLW       3
0x00FA	0xE0EE      	BZ          L_Lcd_Out15
0x00FC	0x5038      	MOVF        FARG_Lcd_Out_row, 0 
0x00FE	0x0A04      	XORLW       4
0x0100	0xE0EE      	BZ          L_Lcd_Out16
0x0102	0xD7F0      	BRA         L_Lcd_Out17
L_Lcd_Out12:
;__Lib_Lcd.c,194 :: 		
0x0104	0x0439      	DECF        FARG_Lcd_Out_column, 0 
0x0106	0x6E00      	MOVWF       R0 
0x0108	0x5038      	MOVF        FARG_Lcd_Out_row, 0 
0x010A	0x2600      	ADDWF       R0, 1 
0x010C	0xF038C000  	MOVFF       R0, FARG_Lcd_Out_row
;__Lib_Lcd.c,196 :: 		
0x0110	0xF03EC000  	MOVFF       R0, FARG_Lcd_Cmd_out_char
0x0114	0xDF96      	RCALL       _Lcd_Cmd
;__Lib_Lcd.c,197 :: 		
0x0116	0x9015      	BCF         __Lib_Lcd_cmd_status, BitPos(__Lib_Lcd_cmd_status+0) 
;__Lib_Lcd.c,198 :: 		
0x0118	0x6A3C      	CLRF        Lcd_Out_i_L0 
;__Lib_Lcd.c,199 :: 		
L_Lcd_Out18:
0x011A	0x503C      	MOVF        Lcd_Out_i_L0, 0 
0x011C	0x243A      	ADDWF       FARG_Lcd_Out_text, 0 
0x011E	0x6EE9      	MOVWF       FSR0L 
0x0120	0x0E00      	MOVLW       0
0x0122	0x203B      	ADDWFC      FARG_Lcd_Out_text+1, 0 
0x0124	0x6EEA      	MOVWF       FSR0L+1 
0x0126	0x52EE      	MOVF        POSTINC0, 1 
0x0128	0xE00B      	BZ          L_Lcd_Out19
;__Lib_Lcd.c,200 :: 		
0x012A	0x503C      	MOVF        Lcd_Out_i_L0, 0 
0x012C	0x243A      	ADDWF       FARG_Lcd_Out_text, 0 
0x012E	0x6EE9      	MOVWF       FSR0L 
0x0130	0x0E00      	MOVLW       0
0x0132	0x203B      	ADDWFC      FARG_Lcd_Out_text+1, 0 
0x0134	0x6EEA      	MOVWF       FSR0L+1 
0x0136	0xF03DCFEE  	MOVFF       POSTINC0, FARG_Lcd_Chr_CP_out_char
0x013A	0xDFC1      	RCALL       _Lcd_Chr_CP
0x013C	0x2A3C      	INCF        Lcd_Out_i_L0, 1 
0x013E	0xD7ED      	BRA         L_Lcd_Out18
L_Lcd_Out19:
;__Lib_Lcd.c,201 :: 		
0x0140	0x8015      	BSF         __Lib_Lcd_cmd_status, BitPos(__Lib_Lcd_cmd_status+0) 
;__Lib_Lcd.c,202 :: 		
L_end_Lcd_Out:
0x0142	0x0012      	RETURN      0
; end of _Lcd_Out
___CC2DW:
;__Lib_System.c,21 :: 		
;__Lib_System.c,23 :: 		
_CC2DL_Loop1:
;__Lib_System.c,24 :: 		
0x0144	0x0009      	TBLRD*+
;__Lib_System.c,25 :: 		
0x0146	0xFFE6CFF5  	MOVFF       TABLAT, POSTINC1
;__Lib_System.c,26 :: 		
0x014A	0x0600      	DECF        R0, 1, 0
;__Lib_System.c,27 :: 		
0x014C	0xE1FB      	BNZ         _CC2DL_Loop1
;__Lib_System.c,28 :: 		
0x014E	0x0601      	DECF        R1, 1, 0
;__Lib_System.c,29 :: 		
0x0150	0xE1F9      	BNZ         _CC2DL_Loop1
;__Lib_System.c,31 :: 		
L_end___CC2DW:
0x0152	0x0012      	RETURN      0
; end of ___CC2DW
_leituraByteDht11:
;MyProject.c,24 :: 		uint8_t leituraByteDht11(){
;MyProject.c,25 :: 		uint8_t i = 8, dht11_byte = 0;
0x0154	0x0E08      	MOVLW       8
0x0156	0x6E38      	MOVWF       leituraByteDht11_i_L0 
0x0158	0x6A39      	CLRF        leituraByteDht11_dht11_byte_L0 
;MyProject.c,30 :: 		while(i--){
L_leituraByteDht110:
0x015A	0xF000C038  	MOVFF       leituraByteDht11_i_L0, R0
0x015E	0x0638      	DECF        leituraByteDht11_i_L0, 1 
0x0160	0x5200      	MOVF        R0, 1 
0x0162	0xE01A      	BZ          L_leituraByteDht111
;MyProject.c,31 :: 		while(!DHT11_PIN );
L_leituraByteDht112:
0x0164	0xB683      	BTFSC       RD3_bit, BitPos(RD3_bit+0) 
0x0166	0xD001      	BRA         L_leituraByteDht113
0x0168	0xD7FD      	BRA         L_leituraByteDht112
L_leituraByteDht113:
;MyProject.c,32 :: 		delay_us(40);
0x016A	0x0E1A      	MOVLW       26
0x016C	0x6E0D      	MOVWF       R13, 0
L_leituraByteDht114:
0x016E	0x2E0D      	DECFSZ      R13, 1, 0
0x0170	0xD7FE      	BRA         L_leituraByteDht114
0x0172	0x0000      	NOP
;MyProject.c,34 :: 		if( DHT11_PIN ){
0x0174	0xA683      	BTFSS       RD3_bit, BitPos(RD3_bit+0) 
0x0176	0xD00F      	BRA         L_leituraByteDht115
;MyProject.c,35 :: 		dht11_byte |= (1 << i);  // << desloca bits para esquerda
0x0178	0xF001C038  	MOVFF       leituraByteDht11_i_L0, R1
0x017C	0x0E01      	MOVLW       1
0x017E	0x6E00      	MOVWF       R0 
0x0180	0x5001      	MOVF        R1, 0 
L__leituraByteDht1121:
0x0182	0xE004      	BZ          L__leituraByteDht1122
0x0184	0x3600      	RLCF        R0, 1 
0x0186	0x9000      	BCF         R0, 0 
0x0188	0x0FFF      	ADDLW       255
0x018A	0xD7FB      	BRA         L__leituraByteDht1121
L__leituraByteDht1122:
0x018C	0x5000      	MOVF        R0, 0 
0x018E	0x1239      	IORWF       leituraByteDht11_dht11_byte_L0, 1 
;MyProject.c,36 :: 		while( DHT11_PIN );
L_leituraByteDht116:
0x0190	0xA683      	BTFSS       RD3_bit, BitPos(RD3_bit+0) 
0x0192	0xD001      	BRA         L_leituraByteDht117
0x0194	0xD7FD      	BRA         L_leituraByteDht116
L_leituraByteDht117:
;MyProject.c,37 :: 		}
L_leituraByteDht115:
;MyProject.c,38 :: 		}
0x0196	0xD7E1      	BRA         L_leituraByteDht110
L_leituraByteDht111:
;MyProject.c,39 :: 		return(dht11_byte);
0x0198	0xF000C039  	MOVFF       leituraByteDht11_dht11_byte_L0, R0
;MyProject.c,40 :: 		}
L_end_leituraByteDht11:
0x019C	0x0012      	RETURN      0
; end of _leituraByteDht11
_Div_8X8_U:
;__Lib_Math.c,77 :: 		
;__Lib_Math.c,84 :: 		
0x019E	0x6A08      	CLRF        R8, 0
;__Lib_Math.c,85 :: 		
0x01A0	0x0E08      	MOVLW       8
;__Lib_Math.c,86 :: 		
0x01A2	0x6E0C      	MOVWF       R12, 0
;__Lib_Math.c,87 :: 		
0x01A4	0x3400      	RLCF        R0, 0, 0
;__Lib_Math.c,88 :: 		
0x01A6	0x3608      	RLCF        R8, 1, 0
;__Lib_Math.c,89 :: 		
0x01A8	0x5004      	MOVF        R4, 0, 0
;__Lib_Math.c,90 :: 		
0x01AA	0x5E08      	SUBWF       R8, 1, 0
;__Lib_Math.c,91 :: 		
0x01AC	0xB0D8      	BTFSC       STATUS, 0, 0
;__Lib_Math.c,92 :: 		
0x01AE	0xD002      	BRA         $+6
;__Lib_Math.c,93 :: 		
0x01B0	0x2608      	ADDWF       R8, 1, 0
;__Lib_Math.c,94 :: 		
0x01B2	0x90D8      	BCF         STATUS, 0, 0
;__Lib_Math.c,95 :: 		
0x01B4	0x3600      	RLCF        R0, 1, 0
;__Lib_Math.c,96 :: 		
0x01B6	0x2E0C      	DECFSZ      R12, 1, 0
;__Lib_Math.c,97 :: 		
0x01B8	0xD7F5      	BRA         $-20
;__Lib_Math.c,99 :: 		
L_end_Div_8X8_U:
0x01BA	0x0012      	RETURN      0
; end of _Div_8X8_U
_Lcd_Init:
;__Lib_Lcd.c,84 :: 		
;__Lib_Lcd.c,86 :: 		
0x01BC	0x9E94      	BCF         LCD_EN_Direction, BitPos(LCD_EN_Direction+0) 
;__Lib_Lcd.c,87 :: 		
0x01BE	0x9C94      	BCF         LCD_RS_Direction, BitPos(LCD_RS_Direction+0) 
;__Lib_Lcd.c,88 :: 		
0x01C0	0x9895      	BCF         LCD_D4_Direction, BitPos(LCD_D4_Direction+0) 
;__Lib_Lcd.c,89 :: 		
0x01C2	0x9A95      	BCF         LCD_D5_Direction, BitPos(LCD_D5_Direction+0) 
;__Lib_Lcd.c,90 :: 		
0x01C4	0x9C95      	BCF         LCD_D6_Direction, BitPos(LCD_D6_Direction+0) 
;__Lib_Lcd.c,91 :: 		
0x01C6	0x9E95      	BCF         LCD_D7_Direction, BitPos(LCD_D7_Direction+0) 
;__Lib_Lcd.c,93 :: 		
0x01C8	0x9E82      	BCF         LCD_EN, BitPos(LCD_EN+0) 
;__Lib_Lcd.c,94 :: 		
0x01CA	0x9C82      	BCF         LCD_RS, BitPos(LCD_RS+0) 
;__Lib_Lcd.c,95 :: 		
0x01CC	0x9E83      	BCF         LCD_D7, BitPos(LCD_D7+0) 
;__Lib_Lcd.c,96 :: 		
0x01CE	0x9C83      	BCF         LCD_D6, BitPos(LCD_D6+0) 
;__Lib_Lcd.c,97 :: 		
0x01D0	0x9A83      	BCF         LCD_D5, BitPos(LCD_D5+0) 
;__Lib_Lcd.c,98 :: 		
0x01D2	0x9883      	BCF         LCD_D4, BitPos(LCD_D4+0) 
;__Lib_Lcd.c,100 :: 		
0x01D4	0xDF26      	RCALL       _Delay_5500us
;__Lib_Lcd.c,101 :: 		
0x01D6	0xDF25      	RCALL       _Delay_5500us
;__Lib_Lcd.c,102 :: 		
0x01D8	0xDF24      	RCALL       _Delay_5500us
;__Lib_Lcd.c,105 :: 		
0x01DA	0x8A83      	BSF         LCD_D5, BitPos(LCD_D5+0) 
;__Lib_Lcd.c,106 :: 		
0x01DC	0x8883      	BSF         LCD_D4, BitPos(LCD_D4+0) 
;__Lib_Lcd.c,107 :: 		
0x01DE	0x8E82      	BSF         LCD_EN, BitPos(LCD_EN+0) 
;__Lib_Lcd.c,108 :: 		
0x01E0	0xDF1D      	RCALL       _Delay_1us
;__Lib_Lcd.c,109 :: 		
0x01E2	0x9E82      	BCF         LCD_EN, BitPos(LCD_EN+0) 
;__Lib_Lcd.c,110 :: 		
0x01E4	0xDF1E      	RCALL       _Delay_5500us
;__Lib_Lcd.c,112 :: 		
0x01E6	0x8E82      	BSF         LCD_EN, BitPos(LCD_EN+0) 
;__Lib_Lcd.c,113 :: 		
0x01E8	0xDF19      	RCALL       _Delay_1us
;__Lib_Lcd.c,114 :: 		
0x01EA	0x9E82      	BCF         LCD_EN, BitPos(LCD_EN+0) 
;__Lib_Lcd.c,115 :: 		
0x01EC	0xDF1A      	RCALL       _Delay_5500us
;__Lib_Lcd.c,117 :: 		
0x01EE	0x8E82      	BSF         LCD_EN, BitPos(LCD_EN+0) 
;__Lib_Lcd.c,118 :: 		
0x01F0	0xDF15      	RCALL       _Delay_1us
;__Lib_Lcd.c,119 :: 		
0x01F2	0x9E82      	BCF         LCD_EN, BitPos(LCD_EN+0) 
;__Lib_Lcd.c,120 :: 		
0x01F4	0xDF16      	RCALL       _Delay_5500us
;__Lib_Lcd.c,123 :: 		
0x01F6	0x9883      	BCF         LCD_D4, BitPos(LCD_D4+0) 
;__Lib_Lcd.c,124 :: 		
0x01F8	0x8E82      	BSF         LCD_EN, BitPos(LCD_EN+0) 
;__Lib_Lcd.c,125 :: 		
0x01FA	0xDF10      	RCALL       _Delay_1us
;__Lib_Lcd.c,126 :: 		
0x01FC	0x9E82      	BCF         LCD_EN, BitPos(LCD_EN+0) 
;__Lib_Lcd.c,127 :: 		
0x01FE	0xDF11      	RCALL       _Delay_5500us
;__Lib_Lcd.c,130 :: 		
0x0200	0x8E82      	BSF         LCD_EN, BitPos(LCD_EN+0) 
;__Lib_Lcd.c,131 :: 		
0x0202	0xDF0C      	RCALL       _Delay_1us
;__Lib_Lcd.c,132 :: 		
0x0204	0x9E82      	BCF         LCD_EN, BitPos(LCD_EN+0) 
;__Lib_Lcd.c,134 :: 		
0x0206	0x9A83      	BCF         LCD_D5, BitPos(LCD_D5+0) 
;__Lib_Lcd.c,135 :: 		
0x0208	0x8E83      	BSF         LCD_D7, BitPos(LCD_D7+0) 
;__Lib_Lcd.c,136 :: 		
0x020A	0x8E82      	BSF         LCD_EN, BitPos(LCD_EN+0) 
;__Lib_Lcd.c,137 :: 		
0x020C	0xDF07      	RCALL       _Delay_1us
;__Lib_Lcd.c,138 :: 		
0x020E	0x9E82      	BCF         LCD_EN, BitPos(LCD_EN+0) 
;__Lib_Lcd.c,139 :: 		
0x0210	0xDF08      	RCALL       _Delay_5500us
;__Lib_Lcd.c,142 :: 		
0x0212	0x9E83      	BCF         LCD_D7, BitPos(LCD_D7+0) 
;__Lib_Lcd.c,143 :: 		
0x0214	0x8883      	BSF         LCD_D4, BitPos(LCD_D4+0) 
;__Lib_Lcd.c,144 :: 		
0x0216	0x8E82      	BSF         LCD_EN, BitPos(LCD_EN+0) 
;__Lib_Lcd.c,145 :: 		
0x0218	0xDF01      	RCALL       _Delay_1us
;__Lib_Lcd.c,146 :: 		
0x021A	0x9E82      	BCF         LCD_EN, BitPos(LCD_EN+0) 
;__Lib_Lcd.c,148 :: 		
0x021C	0x9883      	BCF         LCD_D4, BitPos(LCD_D4+0) 
;__Lib_Lcd.c,149 :: 		
0x021E	0x8E82      	BSF         LCD_EN, BitPos(LCD_EN+0) 
;__Lib_Lcd.c,150 :: 		
0x0220	0xDEFD      	RCALL       _Delay_1us
;__Lib_Lcd.c,151 :: 		
0x0222	0x9E82      	BCF         LCD_EN, BitPos(LCD_EN+0) 
;__Lib_Lcd.c,152 :: 		
0x0224	0xDEFE      	RCALL       _Delay_5500us
;__Lib_Lcd.c,155 :: 		
0x0226	0x8E82      	BSF         LCD_EN, BitPos(LCD_EN+0) 
;__Lib_Lcd.c,156 :: 		
0x0228	0xDEF9      	RCALL       _Delay_1us
;__Lib_Lcd.c,157 :: 		
0x022A	0x9E82      	BCF         LCD_EN, BitPos(LCD_EN+0) 
;__Lib_Lcd.c,159 :: 		
0x022C	0x8883      	BSF         LCD_D4, BitPos(LCD_D4+0) 
;__Lib_Lcd.c,160 :: 		
0x022E	0x8E82      	BSF         LCD_EN, BitPos(LCD_EN+0) 
;__Lib_Lcd.c,161 :: 		
0x0230	0xDEF5      	RCALL       _Delay_1us
;__Lib_Lcd.c,162 :: 		
0x0232	0x9E82      	BCF         LCD_EN, BitPos(LCD_EN+0) 
;__Lib_Lcd.c,163 :: 		
0x0234	0xDEF6      	RCALL       _Delay_5500us
;__Lib_Lcd.c,166 :: 		
0x0236	0x9883      	BCF         LCD_D4, BitPos(LCD_D4+0) 
;__Lib_Lcd.c,167 :: 		
0x0238	0x8E82      	BSF         LCD_EN, BitPos(LCD_EN+0) 
;__Lib_Lcd.c,168 :: 		
0x023A	0xDEF0      	RCALL       _Delay_1us
;__Lib_Lcd.c,169 :: 		
0x023C	0x9E82      	BCF         LCD_EN, BitPos(LCD_EN+0) 
;__Lib_Lcd.c,171 :: 		
0x023E	0x8E83      	BSF         LCD_D7, BitPos(LCD_D7+0) 
;__Lib_Lcd.c,172 :: 		
0x0240	0x8C83      	BSF         LCD_D6, BitPos(LCD_D6+0) 
;__Lib_Lcd.c,173 :: 		
0x0242	0x8A83      	BSF         LCD_D5, BitPos(LCD_D5+0) 
;__Lib_Lcd.c,174 :: 		
0x0244	0x8883      	BSF         LCD_D4, BitPos(LCD_D4+0) 
;__Lib_Lcd.c,175 :: 		
0x0246	0x8E82      	BSF         LCD_EN, BitPos(LCD_EN+0) 
;__Lib_Lcd.c,176 :: 		
0x0248	0xDEE9      	RCALL       _Delay_1us
;__Lib_Lcd.c,177 :: 		
0x024A	0x9E82      	BCF         LCD_EN, BitPos(LCD_EN+0) 
;__Lib_Lcd.c,179 :: 		
0x024C	0xDEEA      	RCALL       _Delay_5500us
;__Lib_Lcd.c,181 :: 		
0x024E	0x8015      	BSF         __Lib_Lcd_cmd_status, BitPos(__Lib_Lcd_cmd_status+0) 
;__Lib_Lcd.c,182 :: 		
L_end_Lcd_Init:
0x0250	0x0012      	RETURN      0
; end of _Lcd_Init
_leitura_dht11:
;MyProject.c,42 :: 		void leitura_dht11(uint8_t *dht11_humi, uint8_t *dht11_temp)
;MyProject.c,44 :: 		char temp[] = "Temp = 00.0 C";
0x0252	0x0EB8      	MOVLW       ?ICSleitura_dht11_temp_L0
0x0254	0x6EF6      	MOVWF       TBLPTRL 
0x0256	0x0E03      	MOVLW       hi_addr(?ICSleitura_dht11_temp_L0)
0x0258	0x6EF7      	MOVWF       TBLPTRL+1 
0x025A	0x0E00      	MOVLW       higher_addr(?ICSleitura_dht11_temp_L0)
0x025C	0x6EF8      	MOVWF       TBLPTRL+2 
0x025E	0x0E1C      	MOVLW       leitura_dht11_temp_L0
0x0260	0x6EE1      	MOVWF       FSR1L 
0x0262	0x0E00      	MOVLW       hi_addr(leitura_dht11_temp_L0)
0x0264	0x6EE2      	MOVWF       FSR1L+1 
0x0266	0x0E1C      	MOVLW       28
0x0268	0x6E00      	MOVWF       R0 
0x026A	0x0E01      	MOVLW       1
0x026C	0x6E01      	MOVWF       R1 
0x026E	0xDF6A      	RCALL       ___CC2DW
;MyProject.c,47 :: 		DHT11_PIN_DIR = 0;   // CONFIGURA SAIDA
0x0270	0x9695      	BCF         TRISD3_bit, BitPos(TRISD3_bit+0) 
;MyProject.c,48 :: 		DHT11_PIN     = 0;   // LINHA DE DADOS PARA LOW
0x0272	0x9683      	BCF         RD3_bit, BitPos(RD3_bit+0) 
;MyProject.c,49 :: 		delay_ms(25);        // DELAY 25 ms
0x0274	0x0E41      	MOVLW       65
0x0276	0x6E0C      	MOVWF       R12, 0
0x0278	0x0EEE      	MOVLW       238
0x027A	0x6E0D      	MOVWF       R13, 0
L_leitura_dht118:
0x027C	0x2E0D      	DECFSZ      R13, 1, 0
0x027E	0xD7FE      	BRA         L_leitura_dht118
0x0280	0x2E0C      	DECFSZ      R12, 1, 0
0x0282	0xD7FC      	BRA         L_leitura_dht118
0x0284	0x0000      	NOP
;MyProject.c,50 :: 		DHT11_PIN     = 1;   // SOLTA A LINHA DE DADOS
0x0286	0x8683      	BSF         RD3_bit, BitPos(RD3_bit+0) 
;MyProject.c,51 :: 		delay_us(30);        // DELAY 30 us
0x0288	0x0E13      	MOVLW       19
0x028A	0x6E0D      	MOVWF       R13, 0
L_leitura_dht119:
0x028C	0x2E0D      	DECFSZ      R13, 1, 0
0x028E	0xD7FE      	BRA         L_leitura_dht119
0x0290	0x0000      	NOP
0x0292	0x0000      	NOP
;MyProject.c,52 :: 		DHT11_PIN_DIR = 1;   // CONFIGURA COMO ENTRADA
0x0294	0x8695      	BSF         TRISD3_bit, BitPos(TRISD3_bit+0) 
;MyProject.c,55 :: 		while( DHT11_PIN );  //AGUARDA INCIALIZAÇÃO DO DHT
L_leitura_dht1110:
0x0296	0xA683      	BTFSS       RD3_bit, BitPos(RD3_bit+0) 
0x0298	0xD001      	BRA         L_leitura_dht1111
0x029A	0xD7FD      	BRA         L_leitura_dht1110
L_leitura_dht1111:
;MyProject.c,56 :: 		while( !DHT11_PIN );
L_leitura_dht1112:
0x029C	0xB683      	BTFSC       RD3_bit, BitPos(RD3_bit+0) 
0x029E	0xD001      	BRA         L_leitura_dht1113
0x02A0	0xD7FD      	BRA         L_leitura_dht1112
L_leitura_dht1113:
;MyProject.c,57 :: 		while( DHT11_PIN );
L_leitura_dht1114:
0x02A2	0xA683      	BTFSS       RD3_bit, BitPos(RD3_bit+0) 
0x02A4	0xD001      	BRA         L_leitura_dht1115
0x02A6	0xD7FD      	BRA         L_leitura_dht1114
L_leitura_dht1115:
;MyProject.c,60 :: 		*dht11_humi = leituraByteDht11();  // LEITURA DO PRIMEIRO BYTE DE UMIDADE 1
0x02A8	0xDF55      	RCALL       _leituraByteDht11
0x02AA	0xFFE1C018  	MOVFF       FARG_leitura_dht11_dht11_humi, FSR1L
0x02AE	0xFFE2C019  	MOVFF       FARG_leitura_dht11_dht11_humi+1, FSR1H
0x02B2	0xFFE6C000  	MOVFF       R0, POSTINC1
;MyProject.c,61 :: 		leituraByteDht11();               // LEITURA DO SEGUNDO BYTE TEMPERATURA
0x02B6	0xDF4E      	RCALL       _leituraByteDht11
;MyProject.c,62 :: 		*dht11_temp = leituraByteDht11();  // LEITURA DO PRIMEIRO BYTE DE TEMPERATURA 1
0x02B8	0xDF4D      	RCALL       _leituraByteDht11
0x02BA	0xFFE1C01A  	MOVFF       FARG_leitura_dht11_dht11_temp, FSR1L
0x02BE	0xFFE2C01B  	MOVFF       FARG_leitura_dht11_dht11_temp+1, FSR1H
0x02C2	0xFFE6C000  	MOVFF       R0, POSTINC1
;MyProject.c,63 :: 		leituraByteDht11();               // LEITURA DO SEGUNDO BYTE TEMPERATURA
0x02C6	0xDF46      	RCALL       _leituraByteDht11
;MyProject.c,64 :: 		leituraByteDht11();               // LEITURA DO DADO DE VERIFIÇÃO
0x02C8	0xDF45      	RCALL       _leituraByteDht11
;MyProject.c,66 :: 		temp[7]  = *dht11_temp / 10  + '0';
0x02CA	0xFFE9C01A  	MOVFF       FARG_leitura_dht11_dht11_temp, FSR0L
0x02CE	0xFFEAC01B  	MOVFF       FARG_leitura_dht11_dht11_temp+1, FSR0H
0x02D2	0xF000CFEE  	MOVFF       POSTINC0, R0
0x02D6	0x0E0A      	MOVLW       10
0x02D8	0x6E04      	MOVWF       R4 
0x02DA	0xDF61      	RCALL       _Div_8X8_U
0x02DC	0x0E30      	MOVLW       48
0x02DE	0x2400      	ADDWF       R0, 0 
0x02E0	0x6E23      	MOVWF       leitura_dht11_temp_L0+7 
;MyProject.c,67 :: 		temp[8]  = *dht11_temp % 10  + '0';
0x02E2	0xFFE9C01A  	MOVFF       FARG_leitura_dht11_dht11_temp, FSR0L
0x02E6	0xFFEAC01B  	MOVFF       FARG_leitura_dht11_dht11_temp+1, FSR0H
0x02EA	0xF000CFEE  	MOVFF       POSTINC0, R0
0x02EE	0x0E0A      	MOVLW       10
0x02F0	0x6E04      	MOVWF       R4 
0x02F2	0xDF55      	RCALL       _Div_8X8_U
0x02F4	0xF000C008  	MOVFF       R8, R0
0x02F8	0x0E30      	MOVLW       48
0x02FA	0x2400      	ADDWF       R0, 0 
0x02FC	0x6E24      	MOVWF       leitura_dht11_temp_L0+8 
;MyProject.c,68 :: 		humi[7]  = *dht11_humi / 10  + '0';
0x02FE	0xFFE9C018  	MOVFF       FARG_leitura_dht11_dht11_humi, FSR0L
0x0302	0xFFEAC019  	MOVFF       FARG_leitura_dht11_dht11_humi+1, FSR0H
0x0306	0xF000CFEE  	MOVFF       POSTINC0, R0
0x030A	0x0E0A      	MOVLW       10
0x030C	0x6E04      	MOVWF       R4 
0x030E	0xDF47      	RCALL       _Div_8X8_U
0x0310	0x0E30      	MOVLW       48
0x0312	0x2400      	ADDWF       R0, 0 
0x0314	0x6E31      	MOVWF       leitura_dht11_humi_L0+7 
;MyProject.c,69 :: 		humi[8]  = *dht11_humi % 10  + '0';
0x0316	0xFFE9C018  	MOVFF       FARG_leitura_dht11_dht11_humi, FSR0L
0x031A	0xFFEAC019  	MOVFF       FARG_leitura_dht11_dht11_humi+1, FSR0H
0x031E	0xF000CFEE  	MOVFF       POSTINC0, R0
0x0322	0x0E0A      	MOVLW       10
0x0324	0x6E04      	MOVWF       R4 
0x0326	0xDF3B      	RCALL       _Div_8X8_U
0x0328	0xF000C008  	MOVFF       R8, R0
0x032C	0x0E30      	MOVLW       48
0x032E	0x2400      	ADDWF       R0, 0 
0x0330	0x6E32      	MOVWF       leitura_dht11_humi_L0+8 
;MyProject.c,70 :: 		temp[11] = 223;    //Simbolo °
0x0332	0x0EDF      	MOVLW       223
0x0334	0x6E27      	MOVWF       leitura_dht11_temp_L0+11 
;MyProject.c,71 :: 		lcd_out(1, 1, temp);
0x0336	0x0E01      	MOVLW       1
0x0338	0x6E38      	MOVWF       FARG_Lcd_Out_row 
0x033A	0x0E01      	MOVLW       1
0x033C	0x6E39      	MOVWF       FARG_Lcd_Out_column 
0x033E	0x0E1C      	MOVLW       leitura_dht11_temp_L0
0x0340	0x6E3A      	MOVWF       FARG_Lcd_Out_text 
0x0342	0x0E00      	MOVLW       hi_addr(leitura_dht11_temp_L0)
0x0344	0x6E3B      	MOVWF       FARG_Lcd_Out_text+1 
0x0346	0xDEC1      	RCALL       _Lcd_Out
;MyProject.c,72 :: 		lcd_out(2, 1, humi);
0x0348	0x0E02      	MOVLW       2
0x034A	0x6E38      	MOVWF       FARG_Lcd_Out_row 
0x034C	0x0E01      	MOVLW       1
0x034E	0x6E39      	MOVWF       FARG_Lcd_Out_column 
0x0350	0x0E2A      	MOVLW       leitura_dht11_humi_L0
0x0352	0x6E3A      	MOVWF       FARG_Lcd_Out_text 
0x0354	0x0E00      	MOVLW       hi_addr(leitura_dht11_humi_L0)
0x0356	0x6E3B      	MOVWF       FARG_Lcd_Out_text+1 
0x0358	0xDEB8      	RCALL       _Lcd_Out
;MyProject.c,74 :: 		}
L_end_leitura_dht11:
0x035A	0x0012      	RETURN      0
; end of _leitura_dht11
_main:
;MyProject.c,77 :: 		void main()
;MyProject.c,79 :: 		delay_ms(1000);           // wait a second
0x035C	0x0E0B      	MOVLW       11
0x035E	0x6E0B      	MOVWF       R11, 0
0x0360	0x0E26      	MOVLW       38
0x0362	0x6E0C      	MOVWF       R12, 0
0x0364	0x0E5D      	MOVLW       93
0x0366	0x6E0D      	MOVWF       R13, 0
L_main16:
0x0368	0x2E0D      	DECFSZ      R13, 1, 0
0x036A	0xD7FE      	BRA         L_main16
0x036C	0x2E0C      	DECFSZ      R12, 1, 0
0x036E	0xD7FC      	BRA         L_main16
0x0370	0x2E0B      	DECFSZ      R11, 1, 0
0x0372	0xD7FA      	BRA         L_main16
0x0374	0x0000      	NOP
0x0376	0x0000      	NOP
;MyProject.c,80 :: 		Lcd_Init();               // initialize LCD module
0x0378	0xDF21      	RCALL       _Lcd_Init
;MyProject.c,81 :: 		Lcd_Cmd(_LCD_CURSOR_OFF); // cursor off
0x037A	0x0E0C      	MOVLW       12
0x037C	0x6E3E      	MOVWF       FARG_Lcd_Cmd_out_char 
0x037E	0xDE61      	RCALL       _Lcd_Cmd
;MyProject.c,82 :: 		Lcd_Cmd(_LCD_CLEAR);      // clear LCD
0x0380	0x0E01      	MOVLW       1
0x0382	0x6E3E      	MOVWF       FARG_Lcd_Cmd_out_char 
0x0384	0xDE5E      	RCALL       _Lcd_Cmd
;MyProject.c,84 :: 		while(1)
L_main17:
;MyProject.c,88 :: 		leitura_dht11(&umidade, &temperatura);
0x0386	0x0E16      	MOVLW       main_umidade_L1
0x0388	0x6E18      	MOVWF       FARG_leitura_dht11_dht11_humi 
0x038A	0x0E00      	MOVLW       hi_addr(main_umidade_L1)
0x038C	0x6E19      	MOVWF       FARG_leitura_dht11_dht11_humi+1 
0x038E	0x0E17      	MOVLW       main_temperatura_L1
0x0390	0x6E1A      	MOVWF       FARG_leitura_dht11_dht11_temp 
0x0392	0x0E00      	MOVLW       hi_addr(main_temperatura_L1)
0x0394	0x6E1B      	MOVWF       FARG_leitura_dht11_dht11_temp+1 
0x0396	0xDF5D      	RCALL       _leitura_dht11
;MyProject.c,90 :: 		delay_ms(1000);  // wait a second
0x0398	0x0E0B      	MOVLW       11
0x039A	0x6E0B      	MOVWF       R11, 0
0x039C	0x0E26      	MOVLW       38
0x039E	0x6E0C      	MOVWF       R12, 0
0x03A0	0x0E5D      	MOVLW       93
0x03A2	0x6E0D      	MOVWF       R13, 0
L_main19:
0x03A4	0x2E0D      	DECFSZ      R13, 1, 0
0x03A6	0xD7FE      	BRA         L_main19
0x03A8	0x2E0C      	DECFSZ      R12, 1, 0
0x03AA	0xD7FC      	BRA         L_main19
0x03AC	0x2E0B      	DECFSZ      R11, 1, 0
0x03AE	0xD7FA      	BRA         L_main19
0x03B0	0x0000      	NOP
0x03B2	0x0000      	NOP
;MyProject.c,91 :: 		}
0x03B4	0xD7E8      	BRA         L_main17
;MyProject.c,93 :: 		}
L_end_main:
0x03B6	0xD7FF      	BRA         $+0
; end of _main
;MyProject.c,0 :: ?ICSleitura_dht11_temp_L0
0x03B8	0x6554 ;?ICSleitura_dht11_temp_L0+0
0x03BA	0x706D ;?ICSleitura_dht11_temp_L0+2
0x03BC	0x3D20 ;?ICSleitura_dht11_temp_L0+4
0x03BE	0x3020 ;?ICSleitura_dht11_temp_L0+6
0x03C0	0x2E30 ;?ICSleitura_dht11_temp_L0+8
0x03C2	0x2030 ;?ICSleitura_dht11_temp_L0+10
0x03C4	0x0043 ;?ICSleitura_dht11_temp_L0+12
; end of ?ICSleitura_dht11_temp_L0
;MyProject.c,0 :: ?ICSleitura_dht11_humi_L0
0x03C6	0x6D55 ;?ICSleitura_dht11_humi_L0+0
0x03C8	0x6469 ;?ICSleitura_dht11_humi_L0+2
0x03CA	0x3D20 ;?ICSleitura_dht11_humi_L0+4
0x03CC	0x3020 ;?ICSleitura_dht11_humi_L0+6
0x03CE	0x2E30 ;?ICSleitura_dht11_humi_L0+8
0x03D0	0x2030 ;?ICSleitura_dht11_humi_L0+10
0x03D2	0x0025 ;?ICSleitura_dht11_humi_L0+12
; end of ?ICSleitura_dht11_humi_L0
Symbol List:
//** Routines locations **
//ADDRESS    SIZE    PROCEDURE
//----------------------------------------------
0x001C       [6]    _Delay_1us
0x0022      [22]    _Delay_5500us
0x0038      [10]    _Delay_50us
0x0042     [124]    _Lcd_Cmd
0x00BE      [12]    _Lcd_Chr_CP
0x00CA     [122]    _Lcd_Out
0x0144      [16]    ___CC2DW
0x0154      [74]    _leituraByteDht11
0x019E      [30]    _Div_8X8_U
0x01BC     [150]    _Lcd_Init
0x0252     [266]    _leitura_dht11
0x035C      [92]    _main
//** Variables locations ** 
//ADDRESS    SIZE    VARIABLE
//----------------------------------------------
0x0000       [1]    R0
0x0001       [1]    R1
0x0002       [1]    R2
0x0003       [1]    R3
0x0004       [1]    R4
0x0005       [1]    R5
0x0006       [1]    R6
0x0007       [1]    R7
0x0008       [1]    R8
0x0009       [1]    R9
0x000A       [1]    R10
0x000B       [1]    R11
0x000C       [1]    R12
0x000D       [1]    R13
0x000E       [1]    R14
0x000F       [1]    R15
0x0010       [1]    R16
0x0011       [1]    R17
0x0012       [1]    R18
0x0013       [1]    R19
0x0014       [1]    R20
0x0015       [0]    __Lib_Lcd_cmd_status
0x0016       [1]    main_umidade_L1
0x0017       [1]    main_temperatura_L1
0x0018       [2]    FARG_leitura_dht11_dht11_humi
0x001A       [2]    FARG_leitura_dht11_dht11_temp
0x001C      [14]    leitura_dht11_temp_L0
0x002A      [14]    leitura_dht11_humi_L0
0x0038       [1]    leituraByteDht11_i_L0
0x0038       [1]    FARG_Lcd_Out_row
0x0039       [1]    FARG_Lcd_Out_column
0x0039       [1]    leituraByteDht11_dht11_byte_L0
0x003A       [2]    FARG_Lcd_Out_text
0x003C       [1]    Lcd_Out_i_L0
0x003D       [1]    FARG_Lcd_Chr_CP_out_char
0x003E       [1]    FARG_Lcd_Cmd_out_char
0x0F82       [0]    RC6_bit
0x0F82       [0]    RC7_bit
0x0F82       [0]    LCD_EN
0x0F82       [0]    LCD_RS
0x0F83       [0]    RD5_bit
0x0F83       [0]    RD3_bit
0x0F83       [0]    RD4_bit
0x0F83       [0]    LCD_D5
0x0F83       [0]    LCD_D6
0x0F83       [0]    LCD_D4
0x0F83       [0]    LCD_D7
0x0F83       [0]    RD7_bit
0x0F83       [0]    RD6_bit
0x0F94       [0]    LCD_RS_Direction
0x0F94       [0]    LCD_EN_Direction
0x0F94       [0]    TRISC7_bit
0x0F94       [0]    TRISC6_bit
0x0F95       [0]    TRISD4_bit
0x0F95       [0]    TRISD3_bit
0x0F95       [0]    TRISD6_bit
0x0F95       [0]    TRISD7_bit
0x0F95       [0]    TRISD5_bit
0x0F95       [0]    LCD_D5_Direction
0x0F95       [0]    LCD_D6_Direction
0x0F95       [0]    LCD_D7_Direction
0x0F95       [0]    LCD_D4_Direction
0x0FD8       [1]    STATUS
0x0FD9       [1]    FSR2L
0x0FDA       [1]    FSR2H
0x0FDE       [1]    POSTINC2
0x0FE0       [1]    BSR
0x0FE1       [1]    FSR1L
0x0FE2       [1]    FSR1H
0x0FE4       [1]    PREINC1
0x0FE6       [1]    POSTINC1
0x0FE7       [1]    INDF1
0x0FE8       [1]    WREG
0x0FE9       [1]    FSR0L
0x0FEA       [1]    FSR0H
0x0FEE       [1]    POSTINC0
0x0FF3       [1]    PRODL
0x0FF4       [1]    PRODH
0x0FF5       [1]    TABLAT
0x0FF6       [1]    TBLPTRL
0x0FF7       [1]    TBLPTRH
0x0FF8       [1]    TBLPTRU
//** Constants locations ** 
//ADDRESS    SIZE    CONSTANT
//----------------------------------------------
0x03B8      [14]    ?ICSleitura_dht11_temp_L0
0x03C6      [14]    ?ICSleitura_dht11_humi_L0
